# JRE version: OpenJDK Runtime Environment Temurin-21.0.10+7 (21.0.10+7) (build 21.0.10+7-LTS)
# Java VM: OpenJDK 64-Bit Server VM Temurin-21.0.10+7 (21.0.10+7-LTS, mixed mode, sharing, tiered, compressed oops, compressed class ptrs, parallel gc, windows-amd64)
GC Precious Log:
 CardTable entry size: 512
 CPUs: 12 total, 12 available
 Memory: 7830M
 Large Page Support: Disabled
 NUMA Support: Disabled
 Compressed Oops: Enabled (32-bit)
 Alignments: Space 512K, Generation 512K, Heap 2M
 Heap Min Capacity: 100M
 Heap Initial Capacity: 100M
 Heap Max Capacity: 2G
 Pre-touch: Disabled
 Parallel Workers: 10
Heap:
 PSYoungGen      total 14336K, used 13616K [0x00000000d5580000, 0x00000000d6c00000, 0x0000000100000000)
  eden space 13824K, 94% used [0x00000000d5580000,0x00000000d62500b8,0x00000000d6300000)
  from space 512K, 96% used [0x00000000d6400000,0x00000000d647c0a0,0x00000000d6480000)
  to   space 4608K, 0% used [0x00000000d6780000,0x00000000d6780000,0x00000000d6c00000)
 ParOldGen       total 278016K, used 277689K [0x0000000080000000, 0x0000000090f80000, 0x00000000d5580000)
  object space 278016K, 99% used [0x0000000080000000,0x0000000090f2e5d0,0x0000000090f80000)
 Metaspace       used 72449K, committed 74176K, reserved 1179648K
  class space    used 7491K, committed 8256K, reserved 1048576K
GC Heap History (20 events):
Event: 64.239 GC heap before
{Heap before GC invocations=475 (full 3):
 PSYoungGen      total 15872K, used 15499K [0x00000000d5580000, 0x00000000d6600000, 0x0000000100000000)
  eden space 14848K, 100% used [0x00000000d5580000,0x00000000d6400000,0x00000000d6400000)
  from space 1024K, 63% used [0x00000000d6400000,0x00000000d64a2df8,0x00000000d6500000)
  to   space 1024K, 0% used [0x00000000d6500000,0x00000000d6500000,0x00000000d6600000)
 ParOldGen       total 271872K, used 271617K [0x0000000080000000, 0x0000000090980000, 0x00000000d5580000)
  object space 271872K, 99% used [0x0000000080000000,0x0000000090940448,0x0000000090980000)
 Metaspace       used 70898K, committed 72512K, reserved 1114112K
  class space    used 7346K, committed 8064K, reserved 1048576K
}
Event: 64.242 GC heap after
{Heap after GC invocations=475 (full 3):
 PSYoungGen      total 15872K, used 500K [0x00000000d5580000, 0x00000000d6600000, 0x0000000100000000)
  eden space 14848K, 0% used [0x00000000d5580000,0x00000000d5580000,0x00000000d6400000)
  from space 1024K, 48% used [0x00000000d6500000,0x00000000d657d220,0x00000000d6600000)
  to   space 1024K, 0% used [0x00000000d6400000,0x00000000d6400000,0x00000000d6500000)
 ParOldGen       total 271872K, used 271705K [0x0000000080000000, 0x0000000090980000, 0x00000000d5580000)
  object space 271872K, 99% used [0x0000000080000000,0x0000000090956448,0x0000000090980000)
 Metaspace       used 70898K, committed 72512K, reserved 1114112K
  class space    used 7346K, committed 8064K, reserved 1048576K
}
Event: 64.304 GC heap before
{Heap before GC invocations=476 (full 3):
 PSYoungGen      total 15872K, used 15348K [0x00000000d5580000, 0x00000000d6600000, 0x0000000100000000)
  eden space 14848K, 100% used [0x00000000d5580000,0x00000000d6400000,0x00000000d6400000)
  from space 1024K, 48% used [0x00000000d6500000,0x00000000d657d220,0x00000000d6600000)
  to   space 1024K, 0% used [0x00000000d6400000,0x00000000d6400000,0x00000000d6500000)
 ParOldGen       total 271872K, used 271705K [0x0000000080000000, 0x0000000090980000, 0x00000000d5580000)
  object space 271872K, 99% used [0x0000000080000000,0x0000000090956448,0x0000000090980000)
 Metaspace       used 71038K, committed 72704K, reserved 1114112K
  class space    used 7354K, committed 8128K, reserved 1048576K
}
Event: 64.306 GC heap after
{Heap after GC invocations=476 (full 3):
 PSYoungGen      total 15872K, used 858K [0x00000000d5580000, 0x00000000d6600000, 0x0000000100000000)
  eden space 14848K, 0% used [0x00000000d5580000,0x00000000d5580000,0x00000000d6400000)
  from space 1024K, 83% used [0x00000000d6400000,0x00000000d64d6aa8,0x00000000d6500000)
  to   space 1024K, 0% used [0x00000000d6500000,0x00000000d6500000,0x00000000d6600000)
 ParOldGen       total 272384K, used 271949K [0x0000000080000000, 0x0000000090a00000, 0x00000000d5580000)
  object space 272384K, 99% used [0x0000000080000000,0x0000000090993648,0x0000000090a00000)
 Metaspace       used 71038K, committed 72704K, reserved 1114112K
  class space    used 7354K, committed 8128K, reserved 1048576K
}
Event: 64.390 GC heap before
{Heap before GC invocations=477 (full 3):
 PSYoungGen      total 15872K, used 15706K [0x00000000d5580000, 0x00000000d6600000, 0x0000000100000000)
  eden space 14848K, 100% used [0x00000000d5580000,0x00000000d6400000,0x00000000d6400000)
  from space 1024K, 83% used [0x00000000d6400000,0x00000000d64d6aa8,0x00000000d6500000)
  to   space 1024K, 0% used [0x00000000d6500000,0x00000000d6500000,0x00000000d6600000)
 ParOldGen       total 272384K, used 271949K [0x0000000080000000, 0x0000000090a00000, 0x00000000d5580000)
  object space 272384K, 99% used [0x0000000080000000,0x0000000090993648,0x0000000090a00000)
 Metaspace       used 71281K, committed 72960K, reserved 1114112K
  class space    used 7376K, committed 8128K, reserved 1048576K
}
Event: 64.393 GC heap after
{Heap after GC invocations=477 (full 3):
 PSYoungGen      total 14848K, used 1008K [0x00000000d5580000, 0x00000000d6800000, 0x0000000100000000)
  eden space 13824K, 0% used [0x00000000d5580000,0x00000000d5580000,0x00000000d6300000)
  from space 1024K, 98% used [0x00000000d6500000,0x00000000d65fc010,0x00000000d6600000)
  to   space 2048K, 0% used [0x00000000d6300000,0x00000000d6300000,0x00000000d6500000)
 ParOldGen       total 272896K, used 272589K [0x0000000080000000, 0x0000000090a80000, 0x00000000d5580000)
  object space 272896K, 99% used [0x0000000080000000,0x0000000090a33648,0x0000000090a80000)
 Metaspace       used 71281K, committed 72960K, reserved 1114112K
  class space    used 7376K, committed 8128K, reserved 1048576K
}
Event: 64.525 GC heap before
{Heap before GC invocations=478 (full 3):
 PSYoungGen      total 14848K, used 14768K [0x00000000d5580000, 0x00000000d6800000, 0x0000000100000000)
  eden space 13824K, 99% used [0x00000000d5580000,0x00000000d62f00c0,0x00000000d6300000)
  from space 1024K, 98% used [0x00000000d6500000,0x00000000d65fc010,0x00000000d6600000)
  to   space 2048K, 0% used [0x00000000d6300000,0x00000000d6300000,0x00000000d6500000)
 ParOldGen       total 272896K, used 272589K [0x0000000080000000, 0x0000000090a80000, 0x00000000d5580000)
  object space 272896K, 99% used [0x0000000080000000,0x0000000090a33648,0x0000000090a80000)
 Metaspace       used 71641K, committed 73280K, reserved 1114112K
  class space    used 7408K, committed 8128K, reserved 1048576K
}
Event: 64.529 GC heap after
{Heap after GC invocations=478 (full 3):
 PSYoungGen      total 14848K, used 576K [0x00000000d5580000, 0x00000000d6580000, 0x0000000100000000)
  eden space 13824K, 0% used [0x00000000d5580000,0x00000000d5580000,0x00000000d6300000)
  from space 1024K, 56% used [0x00000000d6300000,0x00000000d6390000,0x00000000d6400000)
  to   space 1024K, 0% used [0x00000000d6480000,0x00000000d6480000,0x00000000d6580000)
 ParOldGen       total 273408K, used 273380K [0x0000000080000000, 0x0000000090b00000, 0x00000000d5580000)
  object space 273408K, 99% used [0x0000000080000000,0x0000000090af90c8,0x0000000090b00000)
 Metaspace       used 71641K, committed 73280K, reserved 1114112K
  class space    used 7408K, committed 8128K, reserved 1048576K
}
Event: 64.636 GC heap before
{Heap before GC invocations=479 (full 3):
 PSYoungGen      total 14848K, used 14400K [0x00000000d5580000, 0x00000000d6580000, 0x0000000100000000)
  eden space 13824K, 100% used [0x00000000d5580000,0x00000000d6300000,0x00000000d6300000)
  from space 1024K, 56% used [0x00000000d6300000,0x00000000d6390000,0x00000000d6400000)
  to   space 1024K, 0% used [0x00000000d6480000,0x00000000d6480000,0x00000000d6580000)
 ParOldGen       total 273408K, used 273380K [0x0000000080000000, 0x0000000090b00000, 0x00000000d5580000)
  object space 273408K, 99% used [0x0000000080000000,0x0000000090af90c8,0x0000000090b00000)
 Metaspace       used 72015K, committed 73664K, reserved 1179648K
  class space    used 7455K, committed 8192K, reserved 1048576K
}
Event: 64.640 GC heap after
{Heap after GC invocations=479 (full 3):
 PSYoungGen      total 14336K, used 416K [0x00000000d5580000, 0x00000000d6500000, 0x0000000100000000)
  eden space 13824K, 0% used [0x00000000d5580000,0x00000000d5580000,0x00000000d6300000)
  from space 512K, 81% used [0x00000000d6480000,0x00000000d64e8000,0x00000000d6500000)
  to   space 1024K, 0% used [0x00000000d6300000,0x00000000d6300000,0x00000000d6400000)
 ParOldGen       total 273920K, used 273776K [0x0000000080000000, 0x0000000090b80000, 0x00000000d5580000)
  object space 273920K, 99% used [0x0000000080000000,0x0000000090b5c0d8,0x0000000090b80000)
 Metaspace       used 72015K, committed 73664K, reserved 1179648K
  class space    used 7455K, committed 8192K, reserved 1048576K
}
Event: 64.715 GC heap before
{Heap before GC invocations=480 (full 3):
 PSYoungGen      total 14336K, used 14172K [0x00000000d5580000, 0x00000000d6500000, 0x0000000100000000)
  eden space 13824K, 99% used [0x00000000d5580000,0x00000000d62ef368,0x00000000d6300000)
  from space 512K, 81% used [0x00000000d6480000,0x00000000d64e8000,0x00000000d6500000)
  to   space 1024K, 0% used [0x00000000d6300000,0x00000000d6300000,0x00000000d6400000)
 ParOldGen       total 273920K, used 273776K [0x0000000080000000, 0x0000000090b80000, 0x00000000d5580000)
  object space 273920K, 99% used [0x0000000080000000,0x0000000090b5c0d8,0x0000000090b80000)
 Metaspace       used 72176K, committed 73792K, reserved 1179648K
  class space    used 7461K, committed 8192K, reserved 1048576K
}
Event: 64.717 GC heap after
{Heap after GC invocations=480 (full 3):
 PSYoungGen      total 14848K, used 416K [0x00000000d5580000, 0x00000000d6500000, 0x0000000100000000)
  eden space 13824K, 0% used [0x00000000d5580000,0x00000000d5580000,0x00000000d6300000)
  from space 1024K, 40% used [0x00000000d6300000,0x00000000d6368000,0x00000000d6400000)
  to   space 512K, 0% used [0x00000000d6480000,0x00000000d6480000,0x00000000d6500000)
 ParOldGen       total 273920K, used 273872K [0x0000000080000000, 0x0000000090b80000, 0x00000000d5580000)
  object space 273920K, 99% used [0x0000000080000000,0x0000000090b740d8,0x0000000090b80000)
 Metaspace       used 72176K, committed 73792K, reserved 1179648K
  class space    used 7461K, committed 8192K, reserved 1048576K
}
Event: 64.996 GC heap before
{Heap before GC invocations=481 (full 3):
 PSYoungGen      total 14848K, used 14240K [0x00000000d5580000, 0x00000000d6500000, 0x0000000100000000)
  eden space 13824K, 100% used [0x00000000d5580000,0x00000000d6300000,0x00000000d6300000)
  from space 1024K, 40% used [0x00000000d6300000,0x00000000d6368000,0x00000000d6400000)
  to   space 512K, 0% used [0x00000000d6480000,0x00000000d6480000,0x00000000d6500000)
 ParOldGen       total 273920K, used 273872K [0x0000000080000000, 0x0000000090b80000, 0x00000000d5580000)
  object space 273920K, 99% used [0x0000000080000000,0x0000000090b740d8,0x0000000090b80000)
 Metaspace       used 72254K, committed 73856K, reserved 1179648K
  class space    used 7472K, committed 8192K, reserved 1048576K
}
Event: 64.998 GC heap after
{Heap after GC invocations=481 (full 3):
 PSYoungGen      total 14336K, used 288K [0x00000000d5580000, 0x00000000d6500000, 0x0000000100000000)
  eden space 13824K, 0% used [0x00000000d5580000,0x00000000d5580000,0x00000000d6300000)
  from space 512K, 56% used [0x00000000d6480000,0x00000000d64c8000,0x00000000d6500000)
  to   space 512K, 0% used [0x00000000d6400000,0x00000000d6400000,0x00000000d6480000)
 ParOldGen       total 274432K, used 274080K [0x0000000080000000, 0x0000000090c00000, 0x00000000d5580000)
  object space 274432K, 99% used [0x0000000080000000,0x0000000090ba80d8,0x0000000090c00000)
 Metaspace       used 72254K, committed 73856K, reserved 1179648K
  class space    used 7472K, committed 8192K, reserved 1048576K
}
Event: 65.152 GC heap before
{Heap before GC invocations=482 (full 3):
 PSYoungGen      total 14336K, used 14112K [0x00000000d5580000, 0x00000000d6500000, 0x0000000100000000)
  eden space 13824K, 100% used [0x00000000d5580000,0x00000000d6300000,0x00000000d6300000)
  from space 512K, 56% used [0x00000000d6480000,0x00000000d64c8000,0x00000000d6500000)
  to   space 512K, 0% used [0x00000000d6400000,0x00000000d6400000,0x00000000d6480000)
 ParOldGen       total 274432K, used 274080K [0x0000000080000000, 0x0000000090c00000, 0x00000000d5580000)
  object space 274432K, 99% used [0x0000000080000000,0x0000000090ba80d8,0x0000000090c00000)
 Metaspace       used 72269K, committed 73856K, reserved 1179648K
  class space    used 7473K, committed 8192K, reserved 1048576K
}
Event: 65.154 GC heap after
{Heap after GC invocations=482 (full 3):
 PSYoungGen      total 14336K, used 512K [0x00000000d5580000, 0x00000000d6500000, 0x0000000100000000)
  eden space 13824K, 0% used [0x00000000d5580000,0x00000000d5580000,0x00000000d6300000)
  from space 512K, 100% used [0x00000000d6400000,0x00000000d6480000,0x00000000d6480000)
  to   space 512K, 0% used [0x00000000d6480000,0x00000000d6480000,0x00000000d6500000)
 ParOldGen       total 274432K, used 274192K [0x0000000080000000, 0x0000000090c00000, 0x00000000d5580000)
  object space 274432K, 99% used [0x0000000080000000,0x0000000090bc40d8,0x0000000090c00000)
 Metaspace       used 72269K, committed 73856K, reserved 1179648K
  class space    used 7473K, committed 8192K, reserved 1048576K
}
Event: 65.507 GC heap before
{Heap before GC invocations=483 (full 3):
 PSYoungGen      total 14336K, used 14336K [0x00000000d5580000, 0x00000000d6500000, 0x0000000100000000)
  eden space 13824K, 100% used [0x00000000d5580000,0x00000000d6300000,0x00000000d6300000)
  from space 512K, 100% used [0x00000000d6400000,0x00000000d6480000,0x00000000d6480000)
  to   space 512K, 0% used [0x00000000d6480000,0x00000000d6480000,0x00000000d6500000)
 ParOldGen       total 274432K, used 274192K [0x0000000080000000, 0x0000000090c00000, 0x00000000d5580000)
  object space 274432K, 99% used [0x0000000080000000,0x0000000090bc40d8,0x0000000090c00000)
 Metaspace       used 72277K, committed 73920K, reserved 1179648K
  class space    used 7474K, committed 8192K, reserved 1048576K
}
Event: 65.510 GC heap after
{Heap after GC invocations=483 (full 3):
 PSYoungGen      total 14336K, used 256K [0x00000000d5580000, 0x00000000d6500000, 0x0000000100000000)
  eden space 13824K, 0% used [0x00000000d5580000,0x00000000d5580000,0x00000000d6300000)
  from space 512K, 50% used [0x00000000d6480000,0x00000000d64c0000,0x00000000d6500000)
  to   space 512K, 0% used [0x00000000d6400000,0x00000000d6400000,0x00000000d6480000)
 ParOldGen       total 274944K, used 274520K [0x0000000080000000, 0x0000000090c80000, 0x00000000d5580000)
  object space 274944K, 99% used [0x0000000080000000,0x0000000090c160d8,0x0000000090c80000)
 Metaspace       used 72277K, committed 73920K, reserved 1179648K
  class space    used 7474K, committed 8192K, reserved 1048576K
}
Event: 65.656 GC heap before
{Heap before GC invocations=484 (full 3):
 PSYoungGen      total 14336K, used 14080K [0x00000000d5580000, 0x00000000d6500000, 0x0000000100000000)
  eden space 13824K, 100% used [0x00000000d5580000,0x00000000d6300000,0x00000000d6300000)
  from space 512K, 50% used [0x00000000d6480000,0x00000000d64c0000,0x00000000d6500000)
  to   space 512K, 0% used [0x00000000d6400000,0x00000000d6400000,0x00000000d6480000)
 ParOldGen       total 274944K, used 274520K [0x0000000080000000, 0x0000000090c80000, 0x00000000d5580000)
  object space 274944K, 99% used [0x0000000080000000,0x0000000090c160d8,0x0000000090c80000)
 Metaspace       used 72350K, committed 74048K, reserved 1179648K
  class space    used 7483K, committed 8256K, reserved 1048576K
}
Event: 65.660 GC heap after
{Heap after GC invocations=484 (full 3):
 PSYoungGen      total 14336K, used 496K [0x00000000d5580000, 0x00000000d6c00000, 0x0000000100000000)
  eden space 13824K, 0% used [0x00000000d5580000,0x00000000d5580000,0x00000000d6300000)
  from space 512K, 96% used [0x00000000d6400000,0x00000000d647c0a0,0x00000000d6480000)
  to   space 4608K, 0% used [0x00000000d6780000,0x00000000d6780000,0x00000000d6c00000)
 ParOldGen       total 278016K, used 277689K [0x0000000080000000, 0x0000000090f80000, 0x00000000d5580000)
  object space 278016K, 99% used [0x0000000080000000,0x0000000090f2e5d0,0x0000000090f80000)
 Metaspace       used 72350K, committed 74048K, reserved 1179648K
  class space    used 7483K, committed 8256K, reserved 1048576K
}

