# JRE version: OpenJDK Runtime Environment Temurin-21.0.10+7 (21.0.10+7) (build 21.0.10+7-LTS)
# Java VM: OpenJDK 64-Bit Server VM Temurin-21.0.10+7 (21.0.10+7-LTS, mixed mode, sharing, tiered, compressed oops, compressed class ptrs, parallel gc, windows-amd64)
GC Precious Log:
 CardTable entry size: 512
 CPUs: 12 total, 12 available
 Memory: 7830M
 Large Page Support: Disabled
 NUMA Support: Disabled
 Compressed Oops: Enabled (32-bit)
 Alignments: Space 512K, Generation 512K, Heap 2M
 Heap Min Capacity: 100M
 Heap Initial Capacity: 100M
 Heap Max Capacity: 2G
 Pre-touch: Disabled
 Parallel Workers: 10
Heap:
 PSYoungGen      total 17408K, used 9066K [0x00000000d5580000, 0x00000000d6980000, 0x0000000100000000)
  eden space 16384K, 50% used [0x00000000d5580000,0x00000000d5da7fd0,0x00000000d6580000)
  from space 1024K, 69% used [0x00000000d6880000,0x00000000d6932910,0x00000000d6980000)
  to   space 1536K, 0% used [0x00000000d6680000,0x00000000d6680000,0x00000000d6800000)
 ParOldGen       total 1177600K, used 1177545K [0x0000000080000000, 0x00000000c7e00000, 0x00000000d5580000)
  object space 1177600K, 99% used [0x0000000080000000,0x00000000c7df2530,0x00000000c7e00000)
 Metaspace       used 88622K, committed 90432K, reserved 1179648K
  class space    used 9279K, committed 10048K, reserved 1048576K
GC Heap History (20 events):
Event: 581.731 GC heap before
{Heap before GC invocations=1119 (full 4):
 PSYoungGen      total 20480K, used 20288K [0x00000000d5580000, 0x00000000d6b80000, 0x0000000100000000)
  eden space 19968K, 100% used [0x00000000d5580000,0x00000000d6900000,0x00000000d6900000)
  from space 512K, 62% used [0x00000000d6b00000,0x00000000d6b50000,0x00000000d6b80000)
  to   space 512K, 0% used [0x00000000d6a80000,0x00000000d6a80000,0x00000000d6b00000)
 ParOldGen       total 1149440K, used 1149036K [0x0000000080000000, 0x00000000c6280000, 0x00000000d5580000)
  object space 1149440K, 99% used [0x0000000080000000,0x00000000c621b110,0x00000000c6280000)
 Metaspace       used 88311K, committed 90176K, reserved 1179648K
  class space    used 9247K, committed 10048K, reserved 1048576K
}
Event: 581.734 GC heap after
{Heap after GC invocations=1119 (full 4):
 PSYoungGen      total 20480K, used 507K [0x00000000d5580000, 0x00000000d6b80000, 0x0000000100000000)
  eden space 19968K, 0% used [0x00000000d5580000,0x00000000d5580000,0x00000000d6900000)
  from space 512K, 99% used [0x00000000d6a80000,0x00000000d6afefb0,0x00000000d6b00000)
  to   space 512K, 0% used [0x00000000d6b00000,0x00000000d6b00000,0x00000000d6b80000)
 ParOldGen       total 1149440K, used 1149196K [0x0000000080000000, 0x00000000c6280000, 0x00000000d5580000)
  object space 1149440K, 99% used [0x0000000080000000,0x00000000c6243140,0x00000000c6280000)
 Metaspace       used 88311K, committed 90176K, reserved 1179648K
  class space    used 9247K, committed 10048K, reserved 1048576K
}
Event: 581.761 GC heap before
{Heap before GC invocations=1120 (full 4):
 PSYoungGen      total 20480K, used 20475K [0x00000000d5580000, 0x00000000d6b80000, 0x0000000100000000)
  eden space 19968K, 100% used [0x00000000d5580000,0x00000000d6900000,0x00000000d6900000)
  from space 512K, 99% used [0x00000000d6a80000,0x00000000d6afefb0,0x00000000d6b00000)
  to   space 512K, 0% used [0x00000000d6b00000,0x00000000d6b00000,0x00000000d6b80000)
 ParOldGen       total 1149440K, used 1149196K [0x0000000080000000, 0x00000000c6280000, 0x00000000d5580000)
  object space 1149440K, 99% used [0x0000000080000000,0x00000000c6243140,0x00000000c6280000)
 Metaspace       used 88311K, committed 90176K, reserved 1179648K
  class space    used 9247K, committed 10048K, reserved 1048576K
}
Event: 581.763 GC heap after
{Heap after GC invocations=1120 (full 4):
 PSYoungGen      total 20480K, used 320K [0x00000000d5580000, 0x00000000d6b80000, 0x0000000100000000)
  eden space 19968K, 0% used [0x00000000d5580000,0x00000000d5580000,0x00000000d6900000)
  from space 512K, 62% used [0x00000000d6b00000,0x00000000d6b50000,0x00000000d6b80000)
  to   space 512K, 0% used [0x00000000d6a80000,0x00000000d6a80000,0x00000000d6b00000)
 ParOldGen       total 1149952K, used 1149467K [0x0000000080000000, 0x00000000c6300000, 0x00000000d5580000)
  object space 1149952K, 99% used [0x0000000080000000,0x00000000c6286fa8,0x00000000c6300000)
 Metaspace       used 88311K, committed 90176K, reserved 1179648K
  class space    used 9247K, committed 10048K, reserved 1048576K
}
Event: 581.797 GC heap before
{Heap before GC invocations=1121 (full 4):
 PSYoungGen      total 20480K, used 20288K [0x00000000d5580000, 0x00000000d6b80000, 0x0000000100000000)
  eden space 19968K, 100% used [0x00000000d5580000,0x00000000d6900000,0x00000000d6900000)
  from space 512K, 62% used [0x00000000d6b00000,0x00000000d6b50000,0x00000000d6b80000)
  to   space 512K, 0% used [0x00000000d6a80000,0x00000000d6a80000,0x00000000d6b00000)
 ParOldGen       total 1149952K, used 1149467K [0x0000000080000000, 0x00000000c6300000, 0x00000000d5580000)
  object space 1149952K, 99% used [0x0000000080000000,0x00000000c6286fa8,0x00000000c6300000)
 Metaspace       used 88311K, committed 90176K, reserved 1179648K
  class space    used 9247K, committed 10048K, reserved 1048576K
}
Event: 581.800 GC heap after
{Heap after GC invocations=1121 (full 4):
 PSYoungGen      total 20480K, used 320K [0x00000000d5580000, 0x00000000d6b80000, 0x0000000100000000)
  eden space 19968K, 0% used [0x00000000d5580000,0x00000000d5580000,0x00000000d6900000)
  from space 512K, 62% used [0x00000000d6a80000,0x00000000d6ad0000,0x00000000d6b00000)
  to   space 512K, 0% used [0x00000000d6b00000,0x00000000d6b00000,0x00000000d6b80000)
 ParOldGen       total 1149952K, used 1149563K [0x0000000080000000, 0x00000000c6300000, 0x00000000d5580000)
  object space 1149952K, 99% used [0x0000000080000000,0x00000000c629efa8,0x00000000c6300000)
 Metaspace       used 88311K, committed 90176K, reserved 1179648K
  class space    used 9247K, committed 10048K, reserved 1048576K
}
Event: 581.845 GC heap before
{Heap before GC invocations=1122 (full 4):
 PSYoungGen      total 20480K, used 20288K [0x00000000d5580000, 0x00000000d6b80000, 0x0000000100000000)
  eden space 19968K, 100% used [0x00000000d5580000,0x00000000d6900000,0x00000000d6900000)
  from space 512K, 62% used [0x00000000d6a80000,0x00000000d6ad0000,0x00000000d6b00000)
  to   space 512K, 0% used [0x00000000d6b00000,0x00000000d6b00000,0x00000000d6b80000)
 ParOldGen       total 1149952K, used 1149563K [0x0000000080000000, 0x00000000c6300000, 0x00000000d5580000)
  object space 1149952K, 99% used [0x0000000080000000,0x00000000c629efa8,0x00000000c6300000)
 Metaspace       used 88311K, committed 90176K, reserved 1179648K
  class space    used 9247K, committed 10048K, reserved 1048576K
}
Event: 581.847 GC heap after
{Heap after GC invocations=1122 (full 4):
 PSYoungGen      total 20480K, used 320K [0x00000000d5580000, 0x00000000d6b80000, 0x0000000100000000)
  eden space 19968K, 0% used [0x00000000d5580000,0x00000000d5580000,0x00000000d6900000)
  from space 512K, 62% used [0x00000000d6b00000,0x00000000d6b50000,0x00000000d6b80000)
  to   space 512K, 0% used [0x00000000d6a80000,0x00000000d6a80000,0x00000000d6b00000)
 ParOldGen       total 1149952K, used 1149635K [0x0000000080000000, 0x00000000c6300000, 0x00000000d5580000)
  object space 1149952K, 99% used [0x0000000080000000,0x00000000c62b0fa8,0x00000000c6300000)
 Metaspace       used 88311K, committed 90176K, reserved 1179648K
  class space    used 9247K, committed 10048K, reserved 1048576K
}
Event: 581.886 GC heap before
{Heap before GC invocations=1123 (full 4):
 PSYoungGen      total 20480K, used 20288K [0x00000000d5580000, 0x00000000d6b80000, 0x0000000100000000)
  eden space 19968K, 100% used [0x00000000d5580000,0x00000000d6900000,0x00000000d6900000)
  from space 512K, 62% used [0x00000000d6b00000,0x00000000d6b50000,0x00000000d6b80000)
  to   space 512K, 0% used [0x00000000d6a80000,0x00000000d6a80000,0x00000000d6b00000)
 ParOldGen       total 1149952K, used 1149635K [0x0000000080000000, 0x00000000c6300000, 0x00000000d5580000)
  object space 1149952K, 99% used [0x0000000080000000,0x00000000c62b0fa8,0x00000000c6300000)
 Metaspace       used 88311K, committed 90176K, reserved 1179648K
  class space    used 9247K, committed 10048K, reserved 1048576K
}
Event: 581.889 GC heap after
{Heap after GC invocations=1123 (full 4):
 PSYoungGen      total 20480K, used 320K [0x00000000d5580000, 0x00000000d6b80000, 0x0000000100000000)
  eden space 19968K, 0% used [0x00000000d5580000,0x00000000d5580000,0x00000000d6900000)
  from space 512K, 62% used [0x00000000d6a80000,0x00000000d6ad0000,0x00000000d6b00000)
  to   space 512K, 0% used [0x00000000d6b00000,0x00000000d6b00000,0x00000000d6b80000)
 ParOldGen       total 1149952K, used 1149733K [0x0000000080000000, 0x00000000c6300000, 0x00000000d5580000)
  object space 1149952K, 99% used [0x0000000080000000,0x00000000c62c97c0,0x00000000c6300000)
 Metaspace       used 88311K, committed 90176K, reserved 1179648K
  class space    used 9247K, committed 10048K, reserved 1048576K
}
Event: 581.988 GC heap before
{Heap before GC invocations=1124 (full 4):
 PSYoungGen      total 20480K, used 20288K [0x00000000d5580000, 0x00000000d6b80000, 0x0000000100000000)
  eden space 19968K, 100% used [0x00000000d5580000,0x00000000d6900000,0x00000000d6900000)
  from space 512K, 62% used [0x00000000d6a80000,0x00000000d6ad0000,0x00000000d6b00000)
  to   space 512K, 0% used [0x00000000d6b00000,0x00000000d6b00000,0x00000000d6b80000)
 ParOldGen       total 1149952K, used 1149733K [0x0000000080000000, 0x00000000c6300000, 0x00000000d5580000)
  object space 1149952K, 99% used [0x0000000080000000,0x00000000c62c97c0,0x00000000c6300000)
 Metaspace       used 88368K, committed 90240K, reserved 1179648K
  class space    used 9253K, committed 10048K, reserved 1048576K
}
Event: 581.993 GC heap after
{Heap after GC invocations=1124 (full 4):
 PSYoungGen      total 20480K, used 496K [0x00000000d5580000, 0x00000000d6b80000, 0x0000000100000000)
  eden space 19968K, 0% used [0x00000000d5580000,0x00000000d5580000,0x00000000d6900000)
  from space 512K, 96% used [0x00000000d6b00000,0x00000000d6b7c010,0x00000000d6b80000)
  to   space 1024K, 0% used [0x00000000d6980000,0x00000000d6980000,0x00000000d6a80000)
 ParOldGen       total 1149952K, used 1149869K [0x0000000080000000, 0x00000000c6300000, 0x00000000d5580000)
  object space 1149952K, 99% used [0x0000000080000000,0x00000000c62eb7c0,0x00000000c6300000)
 Metaspace       used 88368K, committed 90240K, reserved 1179648K
  class space    used 9253K, committed 10048K, reserved 1048576K
}
Event: 582.244 GC heap before
{Heap before GC invocations=1125 (full 4):
 PSYoungGen      total 20480K, used 20440K [0x00000000d5580000, 0x00000000d6b80000, 0x0000000100000000)
  eden space 19968K, 99% used [0x00000000d5580000,0x00000000d68fa090,0x00000000d6900000)
  from space 512K, 96% used [0x00000000d6b00000,0x00000000d6b7c010,0x00000000d6b80000)
  to   space 1024K, 0% used [0x00000000d6980000,0x00000000d6980000,0x00000000d6a80000)
 ParOldGen       total 1149952K, used 1149869K [0x0000000080000000, 0x00000000c6300000, 0x00000000d5580000)
  object space 1149952K, 99% used [0x0000000080000000,0x00000000c62eb7c0,0x00000000c6300000)
 Metaspace       used 88532K, committed 90368K, reserved 1179648K
  class space    used 9276K, committed 10048K, reserved 1048576K
}
Event: 582.248 GC heap after
{Heap after GC invocations=1125 (full 4):
 PSYoungGen      total 20992K, used 832K [0x00000000d5580000, 0x00000000d6b80000, 0x0000000100000000)
  eden space 19968K, 0% used [0x00000000d5580000,0x00000000d5580000,0x00000000d6900000)
  from space 1024K, 81% used [0x00000000d6980000,0x00000000d6a50000,0x00000000d6a80000)
  to   space 1024K, 0% used [0x00000000d6a80000,0x00000000d6a80000,0x00000000d6b80000)
 ParOldGen       total 1150464K, used 1150285K [0x0000000080000000, 0x00000000c6380000, 0x00000000d5580000)
  object space 1150464K, 99% used [0x0000000080000000,0x00000000c63537d0,0x00000000c6380000)
 Metaspace       used 88532K, committed 90368K, reserved 1179648K
  class space    used 9276K, committed 10048K, reserved 1048576K
}
Event: 582.783 GC heap before
{Heap before GC invocations=1126 (full 4):
 PSYoungGen      total 20992K, used 20799K [0x00000000d5580000, 0x00000000d6b80000, 0x0000000100000000)
  eden space 19968K, 99% used [0x00000000d5580000,0x00000000d68fffe8,0x00000000d6900000)
  from space 1024K, 81% used [0x00000000d6980000,0x00000000d6a50000,0x00000000d6a80000)
  to   space 1024K, 0% used [0x00000000d6a80000,0x00000000d6a80000,0x00000000d6b80000)
 ParOldGen       total 1150464K, used 1150285K [0x0000000080000000, 0x00000000c6380000, 0x00000000d5580000)
  object space 1150464K, 99% used [0x0000000080000000,0x00000000c63537d0,0x00000000c6380000)
 Metaspace       used 88563K, committed 90368K, reserved 1179648K
  class space    used 9278K, committed 10048K, reserved 1048576K
}
Event: 582.787 GC heap after
{Heap after GC invocations=1126 (full 4):
 PSYoungGen      total 17408K, used 1006K [0x00000000d5580000, 0x00000000d7300000, 0x0000000100000000)
  eden space 16384K, 0% used [0x00000000d5580000,0x00000000d5580000,0x00000000d6580000)
  from space 1024K, 98% used [0x00000000d6a80000,0x00000000d6b7b968,0x00000000d6b80000)
  to   space 5120K, 0% used [0x00000000d6580000,0x00000000d6580000,0x00000000d6a80000)
 ParOldGen       total 1154048K, used 1153612K [0x0000000080000000, 0x00000000c6700000, 0x00000000d5580000)
  object space 1154048K, 99% used [0x0000000080000000,0x00000000c6693310,0x00000000c6700000)
 Metaspace       used 88563K, committed 90368K, reserved 1179648K
  class space    used 9278K, committed 10048K, reserved 1048576K
}
Event: 583.537 GC heap before
{Heap before GC invocations=1127 (full 4):
 PSYoungGen      total 17408K, used 17390K [0x00000000d5580000, 0x00000000d7300000, 0x0000000100000000)
  eden space 16384K, 100% used [0x00000000d5580000,0x00000000d6580000,0x00000000d6580000)
  from space 1024K, 98% used [0x00000000d6a80000,0x00000000d6b7b968,0x00000000d6b80000)
  to   space 5120K, 0% used [0x00000000d6580000,0x00000000d6580000,0x00000000d6a80000)
 ParOldGen       total 1177600K, used 1176652K [0x0000000080000000, 0x00000000c7e00000, 0x00000000d5580000)
  object space 1177600K, 99% used [0x0000000080000000,0x00000000c7d13330,0x00000000c7e00000)
 Metaspace       used 88608K, committed 90432K, reserved 1179648K
  class space    used 9278K, committed 10048K, reserved 1048576K
}
Event: 583.542 GC heap after
{Heap after GC invocations=1127 (full 4):
 PSYoungGen      total 17920K, used 1033K [0x00000000d5580000, 0x00000000d6b00000, 0x0000000100000000)
  eden space 16384K, 0% used [0x00000000d5580000,0x00000000d5580000,0x00000000d6580000)
  from space 1536K, 67% used [0x00000000d6580000,0x00000000d6682400,0x00000000d6700000)
  to   space 2560K, 0% used [0x00000000d6880000,0x00000000d6880000,0x00000000d6b00000)
 ParOldGen       total 1177600K, used 1176764K [0x0000000080000000, 0x00000000c7e00000, 0x00000000d5580000)
  object space 1177600K, 99% used [0x0000000080000000,0x00000000c7d2f330,0x00000000c7e00000)
 Metaspace       used 88608K, committed 90432K, reserved 1179648K
  class space    used 9278K, committed 10048K, reserved 1048576K
}
Event: 584.389 GC heap before
{Heap before GC invocations=1128 (full 4):
 PSYoungGen      total 17920K, used 17417K [0x00000000d5580000, 0x00000000d6b00000, 0x0000000100000000)
  eden space 16384K, 100% used [0x00000000d5580000,0x00000000d6580000,0x00000000d6580000)
  from space 1536K, 67% used [0x00000000d6580000,0x00000000d6682400,0x00000000d6700000)
  to   space 2560K, 0% used [0x00000000d6880000,0x00000000d6880000,0x00000000d6b00000)
 ParOldGen       total 1177600K, used 1176764K [0x0000000080000000, 0x00000000c7e00000, 0x00000000d5580000)
  object space 1177600K, 99% used [0x0000000080000000,0x00000000c7d2f330,0x00000000c7e00000)
 Metaspace       used 88621K, committed 90432K, reserved 1179648K
  class space    used 9279K, committed 10048K, reserved 1048576K
}
Event: 584.394 GC heap after
{Heap after GC invocations=1128 (full 4):
 PSYoungGen      total 17408K, used 714K [0x00000000d5580000, 0x00000000d6980000, 0x0000000100000000)
  eden space 16384K, 0% used [0x00000000d5580000,0x00000000d5580000,0x00000000d6580000)
  from space 1024K, 69% used [0x00000000d6880000,0x00000000d6932910,0x00000000d6980000)
  to   space 1536K, 0% used [0x00000000d6680000,0x00000000d6680000,0x00000000d6800000)
 ParOldGen       total 1177600K, used 1177545K [0x0000000080000000, 0x00000000c7e00000, 0x00000000d5580000)
  object space 1177600K, 99% used [0x0000000080000000,0x00000000c7df2530,0x00000000c7e00000)
 Metaspace       used 88621K, committed 90432K, reserved 1179648K
  class space    used 9279K, committed 10048K, reserved 1048576K
}

