# JRE version: OpenJDK Runtime Environment Temurin-21.0.10+7 (21.0.10+7) (build 21.0.10+7-LTS)
# Java VM: OpenJDK 64-Bit Server VM Temurin-21.0.10+7 (21.0.10+7-LTS, mixed mode, sharing, tiered, compressed oops, compressed class ptrs, parallel gc, windows-amd64)
GC Precious Log:
 CardTable entry size: 512
 CPUs: 12 total, 12 available
 Memory: 7830M
 Large Page Support: Disabled
 NUMA Support: Disabled
 Compressed Oops: Enabled (32-bit)
 Alignments: Space 512K, Generation 512K, Heap 2M
 Heap Min Capacity: 100M
 Heap Initial Capacity: 100M
 Heap Max Capacity: 2G
 Pre-touch: Disabled
 Parallel Workers: 10
Heap:
 PSYoungGen      total 6656K, used 1628K [0x00000000d5580000, 0x00000000d5d80000, 0x0000000100000000)
  eden space 5632K, 24% used [0x00000000d5580000,0x00000000d56d7158,0x00000000d5b00000)
  from space 1024K, 25% used [0x00000000d5b80000,0x00000000d5bc0000,0x00000000d5c80000)
  to   space 512K, 0% used [0x00000000d5d00000,0x00000000d5d00000,0x00000000d5d80000)
 ParOldGen       total 427008K, used 426652K [0x0000000080000000, 0x000000009a100000, 0x00000000d5580000)
  object space 427008K, 99% used [0x0000000080000000,0x000000009a0a7020,0x000000009a100000)
 Metaspace       used 74968K, committed 76608K, reserved 1179648K
  class space    used 7707K, committed 8448K, reserved 1048576K
GC Heap History (20 events):
Event: 3181.072 GC heap before
{Heap before GC invocations=819 (full 4):
 PSYoungGen      total 2048K, used 1952K [0x00000000d5580000, 0x00000000d6500000, 0x0000000100000000)
  eden space 1024K, 100% used [0x00000000d5580000,0x00000000d5680000,0x00000000d5680000)
  from space 1024K, 90% used [0x00000000d5680000,0x00000000d5768000,0x00000000d5780000)
  to   space 5120K, 0% used [0x00000000d6000000,0x00000000d6000000,0x00000000d6500000)
 ParOldGen       total 412160K, used 411593K [0x0000000080000000, 0x0000000099280000, 0x00000000d5580000)
  object space 412160K, 99% used [0x0000000080000000,0x00000000991f2738,0x0000000099280000)
 Metaspace       used 74369K, committed 76032K, reserved 1179648K
  class space    used 7639K, committed 8384K, reserved 1048576K
}
Event: 3181.075 GC heap after
{Heap after GC invocations=819 (full 4):
 PSYoungGen      total 2048K, used 960K [0x00000000d5580000, 0x00000000d6100000, 0x0000000100000000)
  eden space 1024K, 0% used [0x00000000d5580000,0x00000000d5580000,0x00000000d5680000)
  from space 1024K, 93% used [0x00000000d6000000,0x00000000d60f0000,0x00000000d6100000)
  to   space 2048K, 0% used [0x00000000d5d00000,0x00000000d5d00000,0x00000000d5f00000)
 ParOldGen       total 412672K, used 412401K [0x0000000080000000, 0x0000000099300000, 0x00000000d5580000)
  object space 412672K, 99% used [0x0000000080000000,0x00000000992bc738,0x0000000099300000)
 Metaspace       used 74369K, committed 76032K, reserved 1179648K
  class space    used 7639K, committed 8384K, reserved 1048576K
}
Event: 3181.078 GC heap before
{Heap before GC invocations=820 (full 4):
 PSYoungGen      total 2048K, used 1983K [0x00000000d5580000, 0x00000000d6100000, 0x0000000100000000)
  eden space 1024K, 99% used [0x00000000d5580000,0x00000000d567fff8,0x00000000d5680000)
  from space 1024K, 93% used [0x00000000d6000000,0x00000000d60f0000,0x00000000d6100000)
  to   space 2048K, 0% used [0x00000000d5d00000,0x00000000d5d00000,0x00000000d5f00000)
 ParOldGen       total 412672K, used 412401K [0x0000000080000000, 0x0000000099300000, 0x00000000d5580000)
  object space 412672K, 99% used [0x0000000080000000,0x00000000992bc738,0x0000000099300000)
 Metaspace       used 74370K, committed 76032K, reserved 1179648K
  class space    used 7639K, committed 8384K, reserved 1048576K
}
Event: 3181.080 GC heap after
{Heap after GC invocations=820 (full 4):
 PSYoungGen      total 3584K, used 928K [0x00000000d5580000, 0x00000000d6080000, 0x0000000100000000)
  eden space 1536K, 0% used [0x00000000d5580000,0x00000000d5580000,0x00000000d5700000)
  from space 2048K, 45% used [0x00000000d5d00000,0x00000000d5de8000,0x00000000d5f00000)
  to   space 1536K, 0% used [0x00000000d5f00000,0x00000000d5f00000,0x00000000d6080000)
 ParOldGen       total 413696K, used 413248K [0x0000000080000000, 0x0000000099400000, 0x00000000d5580000)
  object space 413696K, 99% used [0x0000000080000000,0x0000000099390328,0x0000000099400000)
 Metaspace       used 74370K, committed 76032K, reserved 1179648K
  class space    used 7639K, committed 8384K, reserved 1048576K
}
Event: 3181.083 GC heap before
{Heap before GC invocations=821 (full 4):
 PSYoungGen      total 3584K, used 2464K [0x00000000d5580000, 0x00000000d6080000, 0x0000000100000000)
  eden space 1536K, 100% used [0x00000000d5580000,0x00000000d5700000,0x00000000d5700000)
  from space 2048K, 45% used [0x00000000d5d00000,0x00000000d5de8000,0x00000000d5f00000)
  to   space 1536K, 0% used [0x00000000d5f00000,0x00000000d5f00000,0x00000000d6080000)
 ParOldGen       total 413696K, used 413248K [0x0000000080000000, 0x0000000099400000, 0x00000000d5580000)
  object space 413696K, 99% used [0x0000000080000000,0x0000000099390328,0x0000000099400000)
 Metaspace       used 74375K, committed 76032K, reserved 1179648K
  class space    used 7639K, committed 8384K, reserved 1048576K
}
Event: 3181.085 GC heap after
{Heap after GC invocations=821 (full 4):
 PSYoungGen      total 3584K, used 1468K [0x00000000d5580000, 0x00000000d6080000, 0x0000000100000000)
  eden space 2048K, 0% used [0x00000000d5580000,0x00000000d5580000,0x00000000d5780000)
  from space 1536K, 95% used [0x00000000d5f00000,0x00000000d606f1f8,0x00000000d6080000)
  to   space 2048K, 0% used [0x00000000d5c80000,0x00000000d5c80000,0x00000000d5e80000)
 ParOldGen       total 414208K, used 414099K [0x0000000080000000, 0x0000000099480000, 0x00000000d5580000)
  object space 414208K, 99% used [0x0000000080000000,0x0000000099464ff8,0x0000000099480000)
 Metaspace       used 74375K, committed 76032K, reserved 1179648K
  class space    used 7639K, committed 8384K, reserved 1048576K
}
Event: 3181.088 GC heap before
{Heap before GC invocations=822 (full 4):
 PSYoungGen      total 3584K, used 3516K [0x00000000d5580000, 0x00000000d6080000, 0x0000000100000000)
  eden space 2048K, 100% used [0x00000000d5580000,0x00000000d5780000,0x00000000d5780000)
  from space 1536K, 95% used [0x00000000d5f00000,0x00000000d606f1f8,0x00000000d6080000)
  to   space 2048K, 0% used [0x00000000d5c80000,0x00000000d5c80000,0x00000000d5e80000)
 ParOldGen       total 414208K, used 414099K [0x0000000080000000, 0x0000000099480000, 0x00000000d5580000)
  object space 414208K, 99% used [0x0000000080000000,0x0000000099464ff8,0x0000000099480000)
 Metaspace       used 74380K, committed 76032K, reserved 1179648K
  class space    used 7639K, committed 8384K, reserved 1048576K
}
Event: 3181.091 GC heap after
{Heap after GC invocations=822 (full 4):
 PSYoungGen      total 4608K, used 1824K [0x00000000d5580000, 0x00000000d5f80000, 0x0000000100000000)
  eden space 2560K, 0% used [0x00000000d5580000,0x00000000d5580000,0x00000000d5800000)
  from space 2048K, 89% used [0x00000000d5c80000,0x00000000d5e48000,0x00000000d5e80000)
  to   space 1024K, 0% used [0x00000000d5e80000,0x00000000d5e80000,0x00000000d5f80000)
 ParOldGen       total 415744K, used 415412K [0x0000000080000000, 0x0000000099600000, 0x00000000d5580000)
  object space 415744K, 99% used [0x0000000080000000,0x00000000995ad158,0x0000000099600000)
 Metaspace       used 74380K, committed 76032K, reserved 1179648K
  class space    used 7639K, committed 8384K, reserved 1048576K
}
Event: 3181.095 GC heap before
{Heap before GC invocations=823 (full 4):
 PSYoungGen      total 4608K, used 4383K [0x00000000d5580000, 0x00000000d5f80000, 0x0000000100000000)
  eden space 2560K, 99% used [0x00000000d5580000,0x00000000d57ffff0,0x00000000d5800000)
  from space 2048K, 89% used [0x00000000d5c80000,0x00000000d5e48000,0x00000000d5e80000)
  to   space 1024K, 0% used [0x00000000d5e80000,0x00000000d5e80000,0x00000000d5f80000)
 ParOldGen       total 415744K, used 415412K [0x0000000080000000, 0x0000000099600000, 0x00000000d5580000)
  object space 415744K, 99% used [0x0000000080000000,0x00000000995ad158,0x0000000099600000)
 Metaspace       used 74381K, committed 76032K, reserved 1179648K
  class space    used 7639K, committed 8384K, reserved 1048576K
}
Event: 3181.098 GC heap after
{Heap after GC invocations=823 (full 4):
 PSYoungGen      total 4096K, used 993K [0x00000000d5580000, 0x00000000d6180000, 0x0000000100000000)
  eden space 3072K, 0% used [0x00000000d5580000,0x00000000d5580000,0x00000000d5880000)
  from space 1024K, 96% used [0x00000000d5e80000,0x00000000d5f78448,0x00000000d5f80000)
  to   space 4608K, 0% used [0x00000000d5880000,0x00000000d5880000,0x00000000d5d00000)
 ParOldGen       total 418816K, used 418363K [0x0000000080000000, 0x0000000099900000, 0x00000000d5580000)
  object space 418816K, 99% used [0x0000000080000000,0x000000009988eee8,0x0000000099900000)
 Metaspace       used 74381K, committed 76032K, reserved 1179648K
  class space    used 7639K, committed 8384K, reserved 1048576K
}
Event: 3181.103 GC heap before
{Heap before GC invocations=824 (full 4):
 PSYoungGen      total 4096K, used 4065K [0x00000000d5580000, 0x00000000d6180000, 0x0000000100000000)
  eden space 3072K, 100% used [0x00000000d5580000,0x00000000d5880000,0x00000000d5880000)
  from space 1024K, 96% used [0x00000000d5e80000,0x00000000d5f78448,0x00000000d5f80000)
  to   space 4608K, 0% used [0x00000000d5880000,0x00000000d5880000,0x00000000d5d00000)
 ParOldGen       total 418816K, used 418363K [0x0000000080000000, 0x0000000099900000, 0x00000000d5580000)
  object space 418816K, 99% used [0x0000000080000000,0x000000009988eee8,0x0000000099900000)
 Metaspace       used 74381K, committed 76032K, reserved 1179648K
  class space    used 7639K, committed 8384K, reserved 1048576K
}
Event: 3181.106 GC heap after
{Heap after GC invocations=824 (full 4):
 PSYoungGen      total 7680K, used 2896K [0x00000000d5580000, 0x00000000d6080000, 0x0000000100000000)
  eden space 3072K, 0% used [0x00000000d5580000,0x00000000d5580000,0x00000000d5880000)
  from space 4608K, 62% used [0x00000000d5880000,0x00000000d5b54278,0x00000000d5d00000)
  to   space 3584K, 0% used [0x00000000d5d00000,0x00000000d5d00000,0x00000000d6080000)
 ParOldGen       total 419840K, used 419407K [0x0000000080000000, 0x0000000099a00000, 0x00000000d5580000)
  object space 419840K, 99% used [0x0000000080000000,0x0000000099993f38,0x0000000099a00000)
 Metaspace       used 74381K, committed 76032K, reserved 1179648K
  class space    used 7639K, committed 8384K, reserved 1048576K
}
Event: 3181.109 GC heap before
{Heap before GC invocations=825 (full 4):
 PSYoungGen      total 7680K, used 5968K [0x00000000d5580000, 0x00000000d6080000, 0x0000000100000000)
  eden space 3072K, 100% used [0x00000000d5580000,0x00000000d5880000,0x00000000d5880000)
  from space 4608K, 62% used [0x00000000d5880000,0x00000000d5b54278,0x00000000d5d00000)
  to   space 3584K, 0% used [0x00000000d5d00000,0x00000000d5d00000,0x00000000d6080000)
 ParOldGen       total 419840K, used 419407K [0x0000000080000000, 0x0000000099a00000, 0x00000000d5580000)
  object space 419840K, 99% used [0x0000000080000000,0x0000000099993f38,0x0000000099a00000)
 Metaspace       used 74381K, committed 76032K, reserved 1179648K
  class space    used 7639K, committed 8384K, reserved 1048576K
}
Event: 3181.114 GC heap after
{Heap after GC invocations=825 (full 4):
 PSYoungGen      total 7168K, used 2880K [0x00000000d5580000, 0x00000000d6000000, 0x0000000100000000)
  eden space 4096K, 0% used [0x00000000d5580000,0x00000000d5580000,0x00000000d5980000)
  from space 3072K, 93% used [0x00000000d5d00000,0x00000000d5fd0000,0x00000000d6000000)
  to   space 3072K, 0% used [0x00000000d5a00000,0x00000000d5a00000,0x00000000d5d00000)
 ParOldGen       total 422400K, used 422228K [0x0000000080000000, 0x0000000099c80000, 0x00000000d5580000)
  object space 422400K, 99% used [0x0000000080000000,0x0000000099c55198,0x0000000099c80000)
 Metaspace       used 74381K, committed 76032K, reserved 1179648K
  class space    used 7639K, committed 8384K, reserved 1048576K
}
Event: 3181.148 GC heap before
{Heap before GC invocations=826 (full 4):
 PSYoungGen      total 7168K, used 6976K [0x00000000d5580000, 0x00000000d6000000, 0x0000000100000000)
  eden space 4096K, 100% used [0x00000000d5580000,0x00000000d5980000,0x00000000d5980000)
  from space 3072K, 93% used [0x00000000d5d00000,0x00000000d5fd0000,0x00000000d6000000)
  to   space 3072K, 0% used [0x00000000d5a00000,0x00000000d5a00000,0x00000000d5d00000)
 ParOldGen       total 422400K, used 422228K [0x0000000080000000, 0x0000000099c80000, 0x00000000d5580000)
  object space 422400K, 99% used [0x0000000080000000,0x0000000099c55198,0x0000000099c80000)
 Metaspace       used 74435K, committed 76096K, reserved 1179648K
  class space    used 7644K, committed 8384K, reserved 1048576K
}
Event: 3181.154 GC heap after
{Heap after GC invocations=826 (full 4):
 PSYoungGen      total 7680K, used 1684K [0x00000000d5580000, 0x00000000d5f80000, 0x0000000100000000)
  eden space 4608K, 0% used [0x00000000d5580000,0x00000000d5580000,0x00000000d5a00000)
  from space 3072K, 54% used [0x00000000d5a00000,0x00000000d5ba5200,0x00000000d5d00000)
  to   space 2560K, 0% used [0x00000000d5d00000,0x00000000d5d00000,0x00000000d5f80000)
 ParOldGen       total 425472K, used 425015K [0x0000000080000000, 0x0000000099f80000, 0x00000000d5580000)
  object space 425472K, 99% used [0x0000000080000000,0x0000000099f0de20,0x0000000099f80000)
 Metaspace       used 74435K, committed 76096K, reserved 1179648K
  class space    used 7644K, committed 8384K, reserved 1048576K
}
Event: 3185.162 GC heap before
{Heap before GC invocations=827 (full 4):
 PSYoungGen      total 7680K, used 6292K [0x00000000d5580000, 0x00000000d5f80000, 0x0000000100000000)
  eden space 4608K, 99% used [0x00000000d5580000,0x00000000d59ffff8,0x00000000d5a00000)
  from space 3072K, 54% used [0x00000000d5a00000,0x00000000d5ba5200,0x00000000d5d00000)
  to   space 2560K, 0% used [0x00000000d5d00000,0x00000000d5d00000,0x00000000d5f80000)
 ParOldGen       total 425472K, used 425015K [0x0000000080000000, 0x0000000099f80000, 0x00000000d5580000)
  object space 425472K, 99% used [0x0000000080000000,0x0000000099f0de20,0x0000000099f80000)
 Metaspace       used 74659K, committed 76288K, reserved 1179648K
  class space    used 7656K, committed 8384K, reserved 1048576K
}
Event: 3185.167 GC heap after
{Heap after GC invocations=827 (full 4):
 PSYoungGen      total 6144K, used 480K [0x00000000d5580000, 0x00000000d5d80000, 0x0000000100000000)
  eden space 5632K, 0% used [0x00000000d5580000,0x00000000d5580000,0x00000000d5b00000)
  from space 512K, 93% used [0x00000000d5d00000,0x00000000d5d78000,0x00000000d5d80000)
  to   space 1024K, 0% used [0x00000000d5b80000,0x00000000d5b80000,0x00000000d5c80000)
 ParOldGen       total 426496K, used 426308K [0x0000000080000000, 0x000000009a080000, 0x00000000d5580000)
  object space 426496K, 99% used [0x0000000080000000,0x000000009a051020,0x000000009a080000)
 Metaspace       used 74659K, committed 76288K, reserved 1179648K
  class space    used 7656K, committed 8384K, reserved 1048576K
}
Event: 3185.304 GC heap before
{Heap before GC invocations=828 (full 4):
 PSYoungGen      total 6144K, used 6112K [0x00000000d5580000, 0x00000000d5d80000, 0x0000000100000000)
  eden space 5632K, 100% used [0x00000000d5580000,0x00000000d5b00000,0x00000000d5b00000)
  from space 512K, 93% used [0x00000000d5d00000,0x00000000d5d78000,0x00000000d5d80000)
  to   space 1024K, 0% used [0x00000000d5b80000,0x00000000d5b80000,0x00000000d5c80000)
 ParOldGen       total 426496K, used 426308K [0x0000000080000000, 0x000000009a080000, 0x00000000d5580000)
  object space 426496K, 99% used [0x0000000080000000,0x000000009a051020,0x000000009a080000)
 Metaspace       used 74914K, committed 76544K, reserved 1179648K
  class space    used 7705K, committed 8448K, reserved 1048576K
}
Event: 3185.307 GC heap after
{Heap after GC invocations=828 (full 4):
 PSYoungGen      total 6656K, used 256K [0x00000000d5580000, 0x00000000d5d80000, 0x0000000100000000)
  eden space 5632K, 0% used [0x00000000d5580000,0x00000000d5580000,0x00000000d5b00000)
  from space 1024K, 25% used [0x00000000d5b80000,0x00000000d5bc0000,0x00000000d5c80000)
  to   space 512K, 0% used [0x00000000d5d00000,0x00000000d5d00000,0x00000000d5d80000)
 ParOldGen       total 427008K, used 426652K [0x0000000080000000, 0x000000009a100000, 0x00000000d5580000)
  object space 427008K, 99% used [0x0000000080000000,0x000000009a0a7020,0x000000009a100000)
 Metaspace       used 74914K, committed 76544K, reserved 1179648K
  class space    used 7705K, committed 8448K, reserved 1048576K
}

