# JRE version: OpenJDK Runtime Environment Temurin-21.0.10+7 (21.0.10+7) (build 21.0.10+7-LTS)
# Java VM: OpenJDK 64-Bit Server VM Temurin-21.0.10+7 (21.0.10+7-LTS, mixed mode, sharing, tiered, compressed oops, compressed class ptrs, parallel gc, windows-amd64)
GC Precious Log:
 CardTable entry size: 512
 CPUs: 12 total, 12 available
 Memory: 7830M
 Large Page Support: Disabled
 NUMA Support: Disabled
 Compressed Oops: Enabled (32-bit)
 Alignments: Space 512K, Generation 512K, Heap 2M
 Heap Min Capacity: 100M
 Heap Initial Capacity: 100M
 Heap Max Capacity: 2G
 Pre-touch: Disabled
 Parallel Workers: 10
Heap:
 PSYoungGen      total 9216K, used 1769K [0x00000000d5580000, 0x00000000d6100000, 0x0000000100000000)
  eden space 8704K, 14% used [0x00000000d5580000,0x00000000d56ba668,0x00000000d5e00000)
  from space 512K, 100% used [0x00000000d5f80000,0x00000000d6000000,0x00000000d6000000)
  to   space 1536K, 0% used [0x00000000d5e00000,0x00000000d5e00000,0x00000000d5f80000)
 ParOldGen       total 283648K, used 283245K [0x0000000080000000, 0x0000000091500000, 0x00000000d5580000)
  object space 283648K, 99% used [0x0000000080000000,0x000000009149b5c0,0x0000000091500000)
 Metaspace       used 71309K, committed 73024K, reserved 1114112K
  class space    used 7420K, committed 8128K, reserved 1048576K
GC Heap History (20 events):
Event: 42.258 GC heap before
{Heap before GC invocations=565 (full 3):
 PSYoungGen      total 11776K, used 11546K [0x00000000d5580000, 0x00000000d6200000, 0x0000000100000000)
  eden space 10752K, 99% used [0x00000000d5580000,0x00000000d5ffc478,0x00000000d6000000)
  from space 1024K, 79% used [0x00000000d6000000,0x00000000d60ca400,0x00000000d6100000)
  to   space 1024K, 0% used [0x00000000d6100000,0x00000000d6100000,0x00000000d6200000)
 ParOldGen       total 278528K, used 278150K [0x0000000080000000, 0x0000000091000000, 0x00000000d5580000)
  object space 278528K, 99% used [0x0000000080000000,0x0000000090fa1a60,0x0000000091000000)
 Metaspace       used 69563K, committed 71232K, reserved 1114112K
  class space    used 7288K, committed 8000K, reserved 1048576K
}
Event: 42.263 GC heap after
{Heap after GC invocations=565 (full 3):
 PSYoungGen      total 11776K, used 686K [0x00000000d5580000, 0x00000000d6200000, 0x0000000100000000)
  eden space 10752K, 0% used [0x00000000d5580000,0x00000000d5580000,0x00000000d6000000)
  from space 1024K, 67% used [0x00000000d6100000,0x00000000d61ab9f0,0x00000000d6200000)
  to   space 1024K, 0% used [0x00000000d6000000,0x00000000d6000000,0x00000000d6100000)
 ParOldGen       total 279040K, used 278780K [0x0000000080000000, 0x0000000091080000, 0x00000000d5580000)
  object space 279040K, 99% used [0x0000000080000000,0x000000009103f0f0,0x0000000091080000)
 Metaspace       used 69563K, committed 71232K, reserved 1114112K
  class space    used 7288K, committed 8000K, reserved 1048576K
}
Event: 42.306 GC heap before
{Heap before GC invocations=566 (full 3):
 PSYoungGen      total 11776K, used 11438K [0x00000000d5580000, 0x00000000d6200000, 0x0000000100000000)
  eden space 10752K, 100% used [0x00000000d5580000,0x00000000d6000000,0x00000000d6000000)
  from space 1024K, 67% used [0x00000000d6100000,0x00000000d61ab9f0,0x00000000d6200000)
  to   space 1024K, 0% used [0x00000000d6000000,0x00000000d6000000,0x00000000d6100000)
 ParOldGen       total 279040K, used 278780K [0x0000000080000000, 0x0000000091080000, 0x00000000d5580000)
  object space 279040K, 99% used [0x0000000080000000,0x000000009103f0f0,0x0000000091080000)
 Metaspace       used 69629K, committed 71296K, reserved 1114112K
  class space    used 7291K, committed 8000K, reserved 1048576K
}
Event: 42.309 GC heap after
{Heap after GC invocations=566 (full 3):
 PSYoungGen      total 11776K, used 892K [0x00000000d5580000, 0x00000000d6200000, 0x0000000100000000)
  eden space 10752K, 0% used [0x00000000d5580000,0x00000000d5580000,0x00000000d6000000)
  from space 1024K, 87% used [0x00000000d6000000,0x00000000d60df2f0,0x00000000d6100000)
  to   space 1024K, 0% used [0x00000000d6100000,0x00000000d6100000,0x00000000d6200000)
 ParOldGen       total 279040K, used 279000K [0x0000000080000000, 0x0000000091080000, 0x00000000d5580000)
  object space 279040K, 99% used [0x0000000080000000,0x0000000091076300,0x0000000091080000)
 Metaspace       used 69629K, committed 71296K, reserved 1114112K
  class space    used 7291K, committed 8000K, reserved 1048576K
}
Event: 42.351 GC heap before
{Heap before GC invocations=567 (full 3):
 PSYoungGen      total 11776K, used 11644K [0x00000000d5580000, 0x00000000d6200000, 0x0000000100000000)
  eden space 10752K, 100% used [0x00000000d5580000,0x00000000d6000000,0x00000000d6000000)
  from space 1024K, 87% used [0x00000000d6000000,0x00000000d60df2f0,0x00000000d6100000)
  to   space 1024K, 0% used [0x00000000d6100000,0x00000000d6100000,0x00000000d6200000)
 ParOldGen       total 279040K, used 279000K [0x0000000080000000, 0x0000000091080000, 0x00000000d5580000)
  object space 279040K, 99% used [0x0000000080000000,0x0000000091076300,0x0000000091080000)
 Metaspace       used 69688K, committed 71360K, reserved 1114112K
  class space    used 7295K, committed 8000K, reserved 1048576K
}
Event: 42.355 GC heap after
{Heap after GC invocations=567 (full 3):
 PSYoungGen      total 11776K, used 917K [0x00000000d5580000, 0x00000000d6200000, 0x0000000100000000)
  eden space 10752K, 0% used [0x00000000d5580000,0x00000000d5580000,0x00000000d6000000)
  from space 1024K, 89% used [0x00000000d6100000,0x00000000d61e57a0,0x00000000d6200000)
  to   space 1024K, 0% used [0x00000000d6000000,0x00000000d6000000,0x00000000d6100000)
 ParOldGen       total 280064K, used 279581K [0x0000000080000000, 0x0000000091180000, 0x00000000d5580000)
  object space 280064K, 99% used [0x0000000080000000,0x0000000091107510,0x0000000091180000)
 Metaspace       used 69688K, committed 71360K, reserved 1114112K
  class space    used 7295K, committed 8000K, reserved 1048576K
}
Event: 42.407 GC heap before
{Heap before GC invocations=568 (full 3):
 PSYoungGen      total 11776K, used 11582K [0x00000000d5580000, 0x00000000d6200000, 0x0000000100000000)
  eden space 10752K, 99% used [0x00000000d5580000,0x00000000d5fea230,0x00000000d6000000)
  from space 1024K, 89% used [0x00000000d6100000,0x00000000d61e57a0,0x00000000d6200000)
  to   space 1024K, 0% used [0x00000000d6000000,0x00000000d6000000,0x00000000d6100000)
 ParOldGen       total 280064K, used 279581K [0x0000000080000000, 0x0000000091180000, 0x00000000d5580000)
  object space 280064K, 99% used [0x0000000080000000,0x0000000091107510,0x0000000091180000)
 Metaspace       used 69829K, committed 71488K, reserved 1114112K
  class space    used 7304K, committed 8000K, reserved 1048576K
}
Event: 42.411 GC heap after
{Heap after GC invocations=568 (full 3):
 PSYoungGen      total 11776K, used 448K [0x00000000d5580000, 0x00000000d6200000, 0x0000000100000000)
  eden space 10752K, 0% used [0x00000000d5580000,0x00000000d5580000,0x00000000d6000000)
  from space 1024K, 43% used [0x00000000d6000000,0x00000000d6070000,0x00000000d6100000)
  to   space 1024K, 0% used [0x00000000d6100000,0x00000000d6100000,0x00000000d6200000)
 ParOldGen       total 280064K, used 279889K [0x0000000080000000, 0x0000000091180000, 0x00000000d5580000)
  object space 280064K, 99% used [0x0000000080000000,0x0000000091154710,0x0000000091180000)
 Metaspace       used 69829K, committed 71488K, reserved 1114112K
  class space    used 7304K, committed 8000K, reserved 1048576K
}
Event: 42.477 GC heap before
{Heap before GC invocations=569 (full 3):
 PSYoungGen      total 11776K, used 11200K [0x00000000d5580000, 0x00000000d6200000, 0x0000000100000000)
  eden space 10752K, 100% used [0x00000000d5580000,0x00000000d6000000,0x00000000d6000000)
  from space 1024K, 43% used [0x00000000d6000000,0x00000000d6070000,0x00000000d6100000)
  to   space 1024K, 0% used [0x00000000d6100000,0x00000000d6100000,0x00000000d6200000)
 ParOldGen       total 280064K, used 279889K [0x0000000080000000, 0x0000000091180000, 0x00000000d5580000)
  object space 280064K, 99% used [0x0000000080000000,0x0000000091154710,0x0000000091180000)
 Metaspace       used 69949K, committed 71616K, reserved 1114112K
  class space    used 7317K, committed 8000K, reserved 1048576K
}
Event: 42.482 GC heap after
{Heap after GC invocations=569 (full 3):
 PSYoungGen      total 11264K, used 1019K [0x00000000d5580000, 0x00000000d6300000, 0x0000000100000000)
  eden space 10240K, 0% used [0x00000000d5580000,0x00000000d5580000,0x00000000d5f80000)
  from space 1024K, 99% used [0x00000000d6100000,0x00000000d61fec00,0x00000000d6200000)
  to   space 1536K, 0% used [0x00000000d5f80000,0x00000000d5f80000,0x00000000d6100000)
 ParOldGen       total 280064K, used 280057K [0x0000000080000000, 0x0000000091180000, 0x00000000d5580000)
  object space 280064K, 99% used [0x0000000080000000,0x000000009117e710,0x0000000091180000)
 Metaspace       used 69949K, committed 71616K, reserved 1114112K
  class space    used 7317K, committed 8000K, reserved 1048576K
}
Event: 42.536 GC heap before
{Heap before GC invocations=570 (full 3):
 PSYoungGen      total 11264K, used 11259K [0x00000000d5580000, 0x00000000d6300000, 0x0000000100000000)
  eden space 10240K, 100% used [0x00000000d5580000,0x00000000d5f80000,0x00000000d5f80000)
  from space 1024K, 99% used [0x00000000d6100000,0x00000000d61fec00,0x00000000d6200000)
  to   space 1536K, 0% used [0x00000000d5f80000,0x00000000d5f80000,0x00000000d6100000)
 ParOldGen       total 280064K, used 280057K [0x0000000080000000, 0x0000000091180000, 0x00000000d5580000)
  object space 280064K, 99% used [0x0000000080000000,0x000000009117e710,0x0000000091180000)
 Metaspace       used 70042K, committed 71680K, reserved 1114112K
  class space    used 7322K, committed 8000K, reserved 1048576K
}
Event: 42.542 GC heap after
{Heap after GC invocations=570 (full 3):
 PSYoungGen      total 11264K, used 884K [0x00000000d5580000, 0x00000000d6180000, 0x0000000100000000)
  eden space 10240K, 0% used [0x00000000d5580000,0x00000000d5580000,0x00000000d5f80000)
  from space 1024K, 86% used [0x00000000d5f80000,0x00000000d605d200,0x00000000d6080000)
  to   space 1024K, 0% used [0x00000000d6080000,0x00000000d6080000,0x00000000d6180000)
 ParOldGen       total 281088K, used 280768K [0x0000000080000000, 0x0000000091280000, 0x00000000d5580000)
  object space 281088K, 99% used [0x0000000080000000,0x0000000091230230,0x0000000091280000)
 Metaspace       used 70042K, committed 71680K, reserved 1114112K
  class space    used 7322K, committed 8000K, reserved 1048576K
}
Event: 42.638 GC heap before
{Heap before GC invocations=571 (full 3):
 PSYoungGen      total 11264K, used 11081K [0x00000000d5580000, 0x00000000d6180000, 0x0000000100000000)
  eden space 10240K, 99% used [0x00000000d5580000,0x00000000d5f753a8,0x00000000d5f80000)
  from space 1024K, 86% used [0x00000000d5f80000,0x00000000d605d200,0x00000000d6080000)
  to   space 1024K, 0% used [0x00000000d6080000,0x00000000d6080000,0x00000000d6180000)
 ParOldGen       total 281088K, used 280768K [0x0000000080000000, 0x0000000091280000, 0x00000000d5580000)
  object space 281088K, 99% used [0x0000000080000000,0x0000000091230230,0x0000000091280000)
 Metaspace       used 70245K, committed 71872K, reserved 1114112K
  class space    used 7329K, committed 8000K, reserved 1048576K
}
Event: 42.644 GC heap after
{Heap after GC invocations=571 (full 3):
 PSYoungGen      total 9728K, used 1009K [0x00000000d5580000, 0x00000000d6480000, 0x0000000100000000)
  eden space 8704K, 0% used [0x00000000d5580000,0x00000000d5580000,0x00000000d5e00000)
  from space 1024K, 98% used [0x00000000d6080000,0x00000000d617c4d8,0x00000000d6180000)
  to   space 2560K, 0% used [0x00000000d5e00000,0x00000000d5e00000,0x00000000d6080000)
 ParOldGen       total 282112K, used 281957K [0x0000000080000000, 0x0000000091380000, 0x00000000d5580000)
  object space 282112K, 99% used [0x0000000080000000,0x0000000091359580,0x0000000091380000)
 Metaspace       used 70245K, committed 71872K, reserved 1114112K
  class space    used 7329K, committed 8000K, reserved 1048576K
}
Event: 42.731 GC heap before
{Heap before GC invocations=572 (full 3):
 PSYoungGen      total 9728K, used 9664K [0x00000000d5580000, 0x00000000d6480000, 0x0000000100000000)
  eden space 8704K, 99% used [0x00000000d5580000,0x00000000d5df3c58,0x00000000d5e00000)
  from space 1024K, 98% used [0x00000000d6080000,0x00000000d617c4d8,0x00000000d6180000)
  to   space 2560K, 0% used [0x00000000d5e00000,0x00000000d5e00000,0x00000000d6080000)
 ParOldGen       total 282112K, used 281957K [0x0000000080000000, 0x0000000091380000, 0x00000000d5580000)
  object space 282112K, 99% used [0x0000000080000000,0x0000000091359580,0x0000000091380000)
 Metaspace       used 70405K, committed 72064K, reserved 1114112K
  class space    used 7351K, committed 8064K, reserved 1048576K
}
Event: 42.735 GC heap after
{Heap after GC invocations=572 (full 3):
 PSYoungGen      total 9216K, used 468K [0x00000000d5580000, 0x00000000d6100000, 0x0000000100000000)
  eden space 8704K, 0% used [0x00000000d5580000,0x00000000d5580000,0x00000000d5e00000)
  from space 512K, 91% used [0x00000000d5e00000,0x00000000d5e75200,0x00000000d5e80000)
  to   space 1536K, 0% used [0x00000000d5f80000,0x00000000d5f80000,0x00000000d6100000)
 ParOldGen       total 282624K, used 282117K [0x0000000080000000, 0x0000000091400000, 0x00000000d5580000)
  object space 282624K, 99% used [0x0000000080000000,0x0000000091381590,0x0000000091400000)
 Metaspace       used 70405K, committed 72064K, reserved 1114112K
  class space    used 7351K, committed 8064K, reserved 1048576K
}
Event: 42.889 GC heap before
{Heap before GC invocations=573 (full 3):
 PSYoungGen      total 9216K, used 9172K [0x00000000d5580000, 0x00000000d6100000, 0x0000000100000000)
  eden space 8704K, 99% used [0x00000000d5580000,0x00000000d5dffff8,0x00000000d5e00000)
  from space 512K, 91% used [0x00000000d5e00000,0x00000000d5e75200,0x00000000d5e80000)
  to   space 1536K, 0% used [0x00000000d5f80000,0x00000000d5f80000,0x00000000d6100000)
 ParOldGen       total 282624K, used 282117K [0x0000000080000000, 0x0000000091400000, 0x00000000d5580000)
  object space 282624K, 99% used [0x0000000080000000,0x0000000091381590,0x0000000091400000)
 Metaspace       used 70756K, committed 72448K, reserved 1114112K
  class space    used 7378K, committed 8128K, reserved 1048576K
}
Event: 42.892 GC heap after
{Heap after GC invocations=573 (full 3):
 PSYoungGen      total 9728K, used 772K [0x00000000d5580000, 0x00000000d6080000, 0x0000000100000000)
  eden space 8704K, 0% used [0x00000000d5580000,0x00000000d5580000,0x00000000d5e00000)
  from space 1024K, 75% used [0x00000000d5f80000,0x00000000d60413c8,0x00000000d6080000)
  to   space 1024K, 0% used [0x00000000d5e80000,0x00000000d5e80000,0x00000000d5f80000)
 ParOldGen       total 282624K, used 282365K [0x0000000080000000, 0x0000000091400000, 0x00000000d5580000)
  object space 282624K, 99% used [0x0000000080000000,0x00000000913bf590,0x0000000091400000)
 Metaspace       used 70756K, committed 72448K, reserved 1114112K
  class space    used 7378K, committed 8128K, reserved 1048576K
}
Event: 43.026 GC heap before
{Heap before GC invocations=574 (full 3):
 PSYoungGen      total 9728K, used 9476K [0x00000000d5580000, 0x00000000d6080000, 0x0000000100000000)
  eden space 8704K, 99% used [0x00000000d5580000,0x00000000d5dffff0,0x00000000d5e00000)
  from space 1024K, 75% used [0x00000000d5f80000,0x00000000d60413c8,0x00000000d6080000)
  to   space 1024K, 0% used [0x00000000d5e80000,0x00000000d5e80000,0x00000000d5f80000)
 ParOldGen       total 282624K, used 282365K [0x0000000080000000, 0x0000000091400000, 0x00000000d5580000)
  object space 282624K, 99% used [0x0000000080000000,0x00000000913bf590,0x0000000091400000)
 Metaspace       used 70934K, committed 72704K, reserved 1114112K
  class space    used 7387K, committed 8128K, reserved 1048576K
}
Event: 43.029 GC heap after
{Heap after GC invocations=574 (full 3):
 PSYoungGen      total 9728K, used 530K [0x00000000d5580000, 0x00000000d6000000, 0x0000000100000000)
  eden space 8704K, 0% used [0x00000000d5580000,0x00000000d5580000,0x00000000d5e00000)
  from space 1024K, 51% used [0x00000000d5e80000,0x00000000d5f049b0,0x00000000d5f80000)
  to   space 512K, 0% used [0x00000000d5f80000,0x00000000d5f80000,0x00000000d6000000)
 ParOldGen       total 283136K, used 282757K [0x0000000080000000, 0x0000000091480000, 0x00000000d5580000)
  object space 283136K, 99% used [0x0000000080000000,0x00000000914215c0,0x0000000091480000)
 Metaspace       used 70934K, committed 72704K, reserved 1114112K
  class space    used 7387K, committed 8128K, reserved 1048576K
}

