# JRE version: OpenJDK Runtime Environment Temurin-21.0.10+7 (21.0.10+7) (build 21.0.10+7-LTS)
# Java VM: OpenJDK 64-Bit Server VM Temurin-21.0.10+7 (21.0.10+7-LTS, mixed mode, sharing, tiered, compressed oops, compressed class ptrs, parallel gc, windows-amd64)
GC Precious Log:
 CardTable entry size: 512
 CPUs: 12 total, 12 available
 Memory: 7830M
 Large Page Support: Disabled
 NUMA Support: Disabled
 Compressed Oops: Enabled (32-bit)
 Alignments: Space 512K, Generation 512K, Heap 2M
 Heap Min Capacity: 100M
 Heap Initial Capacity: 100M
 Heap Max Capacity: 2G
 Pre-touch: Disabled
 Parallel Workers: 10
Heap:
 PSYoungGen      total 24064K, used 11961K [0x00000000d5580000, 0x00000000d7000000, 0x0000000100000000)
  eden space 22016K, 45% used [0x00000000d5580000,0x00000000d5f52548,0x00000000d6b00000)
  from space 2048K, 94% used [0x00000000d6e00000,0x00000000d6fe4010,0x00000000d7000000)
  to   space 2560K, 0% used [0x00000000d6b00000,0x00000000d6b00000,0x00000000d6d80000)
 ParOldGen       total 113152K, used 112883K [0x0000000080000000, 0x0000000086e80000, 0x00000000d5580000)
  object space 113152K, 99% used [0x0000000080000000,0x0000000086e3cd58,0x0000000086e80000)
 Metaspace       used 54748K, committed 56192K, reserved 1114112K
  class space    used 5785K, committed 6400K, reserved 1048576K
GC Heap History (20 events):
Event: 48.697 GC heap before
{Heap before GC invocations=68 (full 2):
 PSYoungGen      total 24064K, used 23698K [0x00000000d5580000, 0x00000000d6f00000, 0x0000000100000000)
  eden space 22016K, 100% used [0x00000000d5580000,0x00000000d6b00000,0x00000000d6b00000)
  from space 2048K, 82% used [0x00000000d6c00000,0x00000000d6da4a18,0x00000000d6e00000)
  to   space 1024K, 0% used [0x00000000d6e00000,0x00000000d6e00000,0x00000000d6f00000)
 ParOldGen       total 104960K, used 104891K [0x0000000080000000, 0x0000000086680000, 0x00000000d5580000)
  object space 104960K, 99% used [0x0000000080000000,0x000000008666ef78,0x0000000086680000)
 Metaspace       used 54563K, committed 55936K, reserved 1114112K
  class space    used 5777K, committed 6400K, reserved 1048576K
}
Event: 48.700 GC heap after
{Heap after GC invocations=68 (full 2):
 PSYoungGen      total 23040K, used 544K [0x00000000d5580000, 0x00000000d6f00000, 0x0000000100000000)
  eden space 22016K, 0% used [0x00000000d5580000,0x00000000d5580000,0x00000000d6b00000)
  from space 1024K, 53% used [0x00000000d6e00000,0x00000000d6e88000,0x00000000d6f00000)
  to   space 1024K, 0% used [0x00000000d6d00000,0x00000000d6d00000,0x00000000d6e00000)
 ParOldGen       total 106496K, used 106172K [0x0000000080000000, 0x0000000086800000, 0x00000000d5580000)
  object space 106496K, 99% used [0x0000000080000000,0x00000000867af308,0x0000000086800000)
 Metaspace       used 54563K, committed 55936K, reserved 1114112K
  class space    used 5777K, committed 6400K, reserved 1048576K
}
Event: 48.821 GC heap before
{Heap before GC invocations=69 (full 2):
 PSYoungGen      total 23040K, used 22560K [0x00000000d5580000, 0x00000000d6f00000, 0x0000000100000000)
  eden space 22016K, 100% used [0x00000000d5580000,0x00000000d6b00000,0x00000000d6b00000)
  from space 1024K, 53% used [0x00000000d6e00000,0x00000000d6e88000,0x00000000d6f00000)
  to   space 1024K, 0% used [0x00000000d6d00000,0x00000000d6d00000,0x00000000d6e00000)
 ParOldGen       total 106496K, used 106172K [0x0000000080000000, 0x0000000086800000, 0x00000000d5580000)
  object space 106496K, 99% used [0x0000000080000000,0x00000000867af308,0x0000000086800000)
 Metaspace       used 54621K, committed 56000K, reserved 1114112K
  class space    used 5783K, committed 6400K, reserved 1048576K
}
Event: 48.824 GC heap after
{Heap after GC invocations=69 (full 2):
 PSYoungGen      total 23040K, used 995K [0x00000000d5580000, 0x00000000d6f00000, 0x0000000100000000)
  eden space 22016K, 0% used [0x00000000d5580000,0x00000000d5580000,0x00000000d6b00000)
  from space 1024K, 97% used [0x00000000d6d00000,0x00000000d6df8ce0,0x00000000d6e00000)
  to   space 1024K, 0% used [0x00000000d6e00000,0x00000000d6e00000,0x00000000d6f00000)
 ParOldGen       total 107008K, used 106660K [0x0000000080000000, 0x0000000086880000, 0x00000000d5580000)
  object space 107008K, 99% used [0x0000000080000000,0x0000000086829308,0x0000000086880000)
 Metaspace       used 54621K, committed 56000K, reserved 1114112K
  class space    used 5783K, committed 6400K, reserved 1048576K
}
Event: 48.891 GC heap before
{Heap before GC invocations=70 (full 2):
 PSYoungGen      total 23040K, used 23011K [0x00000000d5580000, 0x00000000d6f00000, 0x0000000100000000)
  eden space 22016K, 100% used [0x00000000d5580000,0x00000000d6b00000,0x00000000d6b00000)
  from space 1024K, 97% used [0x00000000d6d00000,0x00000000d6df8ce0,0x00000000d6e00000)
  to   space 1024K, 0% used [0x00000000d6e00000,0x00000000d6e00000,0x00000000d6f00000)
 ParOldGen       total 107008K, used 106660K [0x0000000080000000, 0x0000000086880000, 0x00000000d5580000)
  object space 107008K, 99% used [0x0000000080000000,0x0000000086829308,0x0000000086880000)
 Metaspace       used 54630K, committed 56000K, reserved 1114112K
  class space    used 5783K, committed 6400K, reserved 1048576K
}
Event: 48.896 GC heap after
{Heap after GC invocations=70 (full 2):
 PSYoungGen      total 23040K, used 1014K [0x00000000d5580000, 0x00000000d6f00000, 0x0000000100000000)
  eden space 22016K, 0% used [0x00000000d5580000,0x00000000d5580000,0x00000000d6b00000)
  from space 1024K, 99% used [0x00000000d6e00000,0x00000000d6efdac8,0x00000000d6f00000)
  to   space 2048K, 0% used [0x00000000d6b00000,0x00000000d6b00000,0x00000000d6d00000)
 ParOldGen       total 107520K, used 107435K [0x0000000080000000, 0x0000000086900000, 0x00000000d5580000)
  object space 107520K, 99% used [0x0000000080000000,0x00000000868eafb8,0x0000000086900000)
 Metaspace       used 54630K, committed 56000K, reserved 1114112K
  class space    used 5783K, committed 6400K, reserved 1048576K
}
Event: 48.969 GC heap before
{Heap before GC invocations=71 (full 2):
 PSYoungGen      total 23040K, used 23030K [0x00000000d5580000, 0x00000000d6f00000, 0x0000000100000000)
  eden space 22016K, 100% used [0x00000000d5580000,0x00000000d6b00000,0x00000000d6b00000)
  from space 1024K, 99% used [0x00000000d6e00000,0x00000000d6efdac8,0x00000000d6f00000)
  to   space 2048K, 0% used [0x00000000d6b00000,0x00000000d6b00000,0x00000000d6d00000)
 ParOldGen       total 107520K, used 107435K [0x0000000080000000, 0x0000000086900000, 0x00000000d5580000)
  object space 107520K, 99% used [0x0000000080000000,0x00000000868eafb8,0x0000000086900000)
 Metaspace       used 54661K, committed 56064K, reserved 1114112K
  class space    used 5783K, committed 6400K, reserved 1048576K
}
Event: 48.972 GC heap after
{Heap after GC invocations=71 (full 2):
 PSYoungGen      total 24064K, used 1416K [0x00000000d5580000, 0x00000000d6f00000, 0x0000000100000000)
  eden space 22016K, 0% used [0x00000000d5580000,0x00000000d5580000,0x00000000d6b00000)
  from space 2048K, 69% used [0x00000000d6b00000,0x00000000d6c62388,0x00000000d6d00000)
  to   space 2048K, 0% used [0x00000000d6d00000,0x00000000d6d00000,0x00000000d6f00000)
 ParOldGen       total 108544K, used 108243K [0x0000000080000000, 0x0000000086a00000, 0x00000000d5580000)
  object space 108544K, 99% used [0x0000000080000000,0x00000000869b4cc8,0x0000000086a00000)
 Metaspace       used 54661K, committed 56064K, reserved 1114112K
  class space    used 5783K, committed 6400K, reserved 1048576K
}
Event: 49.056 GC heap before
{Heap before GC invocations=72 (full 2):
 PSYoungGen      total 24064K, used 23432K [0x00000000d5580000, 0x00000000d6f00000, 0x0000000100000000)
  eden space 22016K, 100% used [0x00000000d5580000,0x00000000d6b00000,0x00000000d6b00000)
  from space 2048K, 69% used [0x00000000d6b00000,0x00000000d6c62388,0x00000000d6d00000)
  to   space 2048K, 0% used [0x00000000d6d00000,0x00000000d6d00000,0x00000000d6f00000)
 ParOldGen       total 108544K, used 108243K [0x0000000080000000, 0x0000000086a00000, 0x00000000d5580000)
  object space 108544K, 99% used [0x0000000080000000,0x00000000869b4cc8,0x0000000086a00000)
 Metaspace       used 54686K, committed 56128K, reserved 1114112K
  class space    used 5783K, committed 6400K, reserved 1048576K
}
Event: 49.059 GC heap after
{Heap after GC invocations=72 (full 2):
 PSYoungGen      total 23040K, used 739K [0x00000000d5580000, 0x00000000d6e00000, 0x0000000100000000)
  eden space 22016K, 0% used [0x00000000d5580000,0x00000000d5580000,0x00000000d6b00000)
  from space 1024K, 72% used [0x00000000d6d00000,0x00000000d6db8c98,0x00000000d6e00000)
  to   space 1024K, 0% used [0x00000000d6c00000,0x00000000d6c00000,0x00000000d6d00000)
 ParOldGen       total 109056K, used 108947K [0x0000000080000000, 0x0000000086a80000, 0x00000000d5580000)
  object space 109056K, 99% used [0x0000000080000000,0x0000000086a64cc8,0x0000000086a80000)
 Metaspace       used 54686K, committed 56128K, reserved 1114112K
  class space    used 5783K, committed 6400K, reserved 1048576K
}
Event: 49.185 GC heap before
{Heap before GC invocations=73 (full 2):
 PSYoungGen      total 23040K, used 22755K [0x00000000d5580000, 0x00000000d6e00000, 0x0000000100000000)
  eden space 22016K, 100% used [0x00000000d5580000,0x00000000d6b00000,0x00000000d6b00000)
  from space 1024K, 72% used [0x00000000d6d00000,0x00000000d6db8c98,0x00000000d6e00000)
  to   space 1024K, 0% used [0x00000000d6c00000,0x00000000d6c00000,0x00000000d6d00000)
 ParOldGen       total 109056K, used 108947K [0x0000000080000000, 0x0000000086a80000, 0x00000000d5580000)
  object space 109056K, 99% used [0x0000000080000000,0x0000000086a64cc8,0x0000000086a80000)
 Metaspace       used 54727K, committed 56128K, reserved 1114112K
  class space    used 5784K, committed 6400K, reserved 1048576K
}
Event: 49.188 GC heap after
{Heap after GC invocations=73 (full 2):
 PSYoungGen      total 23040K, used 1024K [0x00000000d5580000, 0x00000000d6f00000, 0x0000000100000000)
  eden space 22016K, 0% used [0x00000000d5580000,0x00000000d5580000,0x00000000d6b00000)
  from space 1024K, 100% used [0x00000000d6c00000,0x00000000d6d00000,0x00000000d6d00000)
  to   space 2048K, 0% used [0x00000000d6d00000,0x00000000d6d00000,0x00000000d6f00000)
 ParOldGen       total 110080K, used 109579K [0x0000000080000000, 0x0000000086b80000, 0x00000000d5580000)
  object space 110080K, 99% used [0x0000000080000000,0x0000000086b02cc8,0x0000000086b80000)
 Metaspace       used 54727K, committed 56128K, reserved 1114112K
  class space    used 5784K, committed 6400K, reserved 1048576K
}
Event: 49.292 GC heap before
{Heap before GC invocations=74 (full 2):
 PSYoungGen      total 23040K, used 23040K [0x00000000d5580000, 0x00000000d6f00000, 0x0000000100000000)
  eden space 22016K, 100% used [0x00000000d5580000,0x00000000d6b00000,0x00000000d6b00000)
  from space 1024K, 100% used [0x00000000d6c00000,0x00000000d6d00000,0x00000000d6d00000)
  to   space 2048K, 0% used [0x00000000d6d00000,0x00000000d6d00000,0x00000000d6f00000)
 ParOldGen       total 110080K, used 109579K [0x0000000080000000, 0x0000000086b80000, 0x00000000d5580000)
  object space 110080K, 99% used [0x0000000080000000,0x0000000086b02cc8,0x0000000086b80000)
 Metaspace       used 54732K, committed 56128K, reserved 1114112K
  class space    used 5785K, committed 6400K, reserved 1048576K
}
Event: 49.296 GC heap after
{Heap after GC invocations=74 (full 2):
 PSYoungGen      total 23040K, used 787K [0x00000000d5580000, 0x00000000d6e00000, 0x0000000100000000)
  eden space 22016K, 0% used [0x00000000d5580000,0x00000000d5580000,0x00000000d6b00000)
  from space 1024K, 76% used [0x00000000d6d00000,0x00000000d6dc4e88,0x00000000d6e00000)
  to   space 1536K, 0% used [0x00000000d6b00000,0x00000000d6b00000,0x00000000d6c80000)
 ParOldGen       total 110592K, used 110435K [0x0000000080000000, 0x0000000086c00000, 0x00000000d5580000)
  object space 110592K, 99% used [0x0000000080000000,0x0000000086bd8cc8,0x0000000086c00000)
 Metaspace       used 54732K, committed 56128K, reserved 1114112K
  class space    used 5785K, committed 6400K, reserved 1048576K
}
Event: 49.389 GC heap before
{Heap before GC invocations=75 (full 2):
 PSYoungGen      total 23040K, used 22803K [0x00000000d5580000, 0x00000000d6e00000, 0x0000000100000000)
  eden space 22016K, 100% used [0x00000000d5580000,0x00000000d6b00000,0x00000000d6b00000)
  from space 1024K, 76% used [0x00000000d6d00000,0x00000000d6dc4e88,0x00000000d6e00000)
  to   space 1536K, 0% used [0x00000000d6b00000,0x00000000d6b00000,0x00000000d6c80000)
 ParOldGen       total 110592K, used 110435K [0x0000000080000000, 0x0000000086c00000, 0x00000000d5580000)
  object space 110592K, 99% used [0x0000000080000000,0x0000000086bd8cc8,0x0000000086c00000)
 Metaspace       used 54732K, committed 56128K, reserved 1114112K
  class space    used 5785K, committed 6400K, reserved 1048576K
}
Event: 49.393 GC heap after
{Heap after GC invocations=75 (full 2):
 PSYoungGen      total 23552K, used 845K [0x00000000d5580000, 0x00000000d6d80000, 0x0000000100000000)
  eden space 22016K, 0% used [0x00000000d5580000,0x00000000d5580000,0x00000000d6b00000)
  from space 1536K, 55% used [0x00000000d6b00000,0x00000000d6bd3558,0x00000000d6c80000)
  to   space 1024K, 0% used [0x00000000d6c80000,0x00000000d6c80000,0x00000000d6d80000)
 ParOldGen       total 111104K, used 110707K [0x0000000080000000, 0x0000000086c80000, 0x00000000d5580000)
  object space 111104K, 99% used [0x0000000080000000,0x0000000086c1ccc8,0x0000000086c80000)
 Metaspace       used 54732K, committed 56128K, reserved 1114112K
  class space    used 5785K, committed 6400K, reserved 1048576K
}
Event: 49.493 GC heap before
{Heap before GC invocations=76 (full 2):
 PSYoungGen      total 23552K, used 22861K [0x00000000d5580000, 0x00000000d6d80000, 0x0000000100000000)
  eden space 22016K, 100% used [0x00000000d5580000,0x00000000d6b00000,0x00000000d6b00000)
  from space 1536K, 55% used [0x00000000d6b00000,0x00000000d6bd3558,0x00000000d6c80000)
  to   space 1024K, 0% used [0x00000000d6c80000,0x00000000d6c80000,0x00000000d6d80000)
 ParOldGen       total 111104K, used 110707K [0x0000000080000000, 0x0000000086c80000, 0x00000000d5580000)
  object space 111104K, 99% used [0x0000000080000000,0x0000000086c1ccc8,0x0000000086c80000)
 Metaspace       used 54737K, committed 56128K, reserved 1114112K
  class space    used 5785K, committed 6400K, reserved 1048576K
}
Event: 49.495 GC heap after
{Heap after GC invocations=76 (full 2):
 PSYoungGen      total 23040K, used 707K [0x00000000d5580000, 0x00000000d6d80000, 0x0000000100000000)
  eden space 22016K, 0% used [0x00000000d5580000,0x00000000d5580000,0x00000000d6b00000)
  from space 1024K, 69% used [0x00000000d6c80000,0x00000000d6d30e98,0x00000000d6d80000)
  to   space 1024K, 0% used [0x00000000d6b80000,0x00000000d6b80000,0x00000000d6c80000)
 ParOldGen       total 111104K, used 110803K [0x0000000080000000, 0x0000000086c80000, 0x00000000d5580000)
  object space 111104K, 99% used [0x0000000080000000,0x0000000086c34cc8,0x0000000086c80000)
 Metaspace       used 54737K, committed 56128K, reserved 1114112K
  class space    used 5785K, committed 6400K, reserved 1048576K
}
Event: 49.563 GC heap before
{Heap before GC invocations=77 (full 2):
 PSYoungGen      total 23040K, used 22723K [0x00000000d5580000, 0x00000000d6d80000, 0x0000000100000000)
  eden space 22016K, 100% used [0x00000000d5580000,0x00000000d6b00000,0x00000000d6b00000)
  from space 1024K, 69% used [0x00000000d6c80000,0x00000000d6d30e98,0x00000000d6d80000)
  to   space 1024K, 0% used [0x00000000d6b80000,0x00000000d6b80000,0x00000000d6c80000)
 ParOldGen       total 111104K, used 110803K [0x0000000080000000, 0x0000000086c80000, 0x00000000d5580000)
  object space 111104K, 99% used [0x0000000080000000,0x0000000086c34cc8,0x0000000086c80000)
 Metaspace       used 54742K, committed 56128K, reserved 1114112K
  class space    used 5785K, committed 6400K, reserved 1048576K
}
Event: 49.566 GC heap after
{Heap after GC invocations=77 (full 2):
 PSYoungGen      total 23040K, used 999K [0x00000000d5580000, 0x00000000d7100000, 0x0000000100000000)
  eden space 22016K, 0% used [0x00000000d5580000,0x00000000d5580000,0x00000000d6b00000)
  from space 1024K, 97% used [0x00000000d6b80000,0x00000000d6c79c68,0x00000000d6c80000)
  to   space 3072K, 0% used [0x00000000d6e00000,0x00000000d6e00000,0x00000000d7100000)
 ParOldGen       total 112128K, used 112114K [0x0000000080000000, 0x0000000086d80000, 0x00000000d5580000)
  object space 112128K, 99% used [0x0000000080000000,0x0000000086d7c868,0x0000000086d80000)
 Metaspace       used 54742K, committed 56128K, reserved 1114112K
  class space    used 5785K, committed 6400K, reserved 1048576K
}

