# JRE version: OpenJDK Runtime Environment Temurin-17.0.17+10 (17.0.17+10) (build 17.0.17+10)
# Java VM: OpenJDK 64-Bit Server VM Temurin-17.0.17+10 (17.0.17+10, mixed mode, sharing, tiered, compressed oops, compressed class ptrs, g1 gc, windows-amd64)
GC Precious Log:
 CPUs: 12 total, 12 available
 Memory: 7830M
 Large Page Support: Disabled
 NUMA Support: Disabled
 Compressed Oops: Enabled (32-bit)
 Heap Region Size: 1M
 Heap Min Capacity: 8M
 Heap Initial Capacity: 124M
 Heap Max Capacity: 1958M
 Pre-touch: Disabled
 Parallel Workers: 10
 Concurrent Workers: 3
 Concurrent Refinement Workers: 10
 Periodic GC: Disabled
Heap:
 garbage-first heap   total 126976K, used 101756K [0x0000000085a00000, 0x0000000100000000)
  region size 1024K, 55 young (56320K), 4 survivors (4096K)
 Metaspace       used 19345K, committed 19712K, reserved 1114112K
  class space    used 2206K, committed 2368K, reserved 1048576K
GC Heap History (10 events):
Event: 0.471 GC heap before
{Heap before GC invocations=0 (full 0):
 garbage-first heap   total 126976K, used 23552K [0x0000000085a00000, 0x0000000100000000)
  region size 1024K, 23 young (23552K), 0 survivors (0K)
 Metaspace       used 5384K, committed 5568K, reserved 1114112K
  class space    used 654K, committed 768K, reserved 1048576K
}
Event: 0.476 GC heap after
{Heap after GC invocations=1 (full 0):
 garbage-first heap   total 126976K, used 3688K [0x0000000085a00000, 0x0000000100000000)
  region size 1024K, 3 young (3072K), 3 survivors (3072K)
 Metaspace       used 5384K, committed 5568K, reserved 1114112K
  class space    used 654K, committed 768K, reserved 1048576K
}
Event: 0.897 GC heap before
{Heap before GC invocations=1 (full 0):
 garbage-first heap   total 126976K, used 35432K [0x0000000085a00000, 0x0000000100000000)
  region size 1024K, 34 young (34816K), 3 survivors (3072K)
 Metaspace       used 9512K, committed 9728K, reserved 1114112K
  class space    used 1163K, committed 1280K, reserved 1048576K
}
Event: 0.902 GC heap after
{Heap after GC invocations=2 (full 0):
 garbage-first heap   total 126976K, used 5481K [0x0000000085a00000, 0x0000000100000000)
  region size 1024K, 2 young (2048K), 2 survivors (2048K)
 Metaspace       used 9512K, committed 9728K, reserved 1114112K
  class space    used 1163K, committed 1280K, reserved 1048576K
}
Event: 2.017 GC heap before
{Heap before GC invocations=2 (full 0):
 garbage-first heap   total 126976K, used 79209K [0x0000000085a00000, 0x0000000100000000)
  region size 1024K, 74 young (75776K), 2 survivors (2048K)
 Metaspace       used 15423K, committed 15616K, reserved 1114112K
  class space    used 1855K, committed 1920K, reserved 1048576K
}
Event: 2.031 GC heap after
{Heap after GC invocations=3 (full 0):
 garbage-first heap   total 126976K, used 12858K [0x0000000085a00000, 0x0000000100000000)
  region size 1024K, 9 young (9216K), 9 survivors (9216K)
 Metaspace       used 15423K, committed 15616K, reserved 1114112K
  class space    used 1855K, committed 1920K, reserved 1048576K
}
Event: 2.808 GC heap before
{Heap before GC invocations=3 (full 0):
 garbage-first heap   total 126976K, used 79418K [0x0000000085a00000, 0x0000000100000000)
  region size 1024K, 74 young (75776K), 9 survivors (9216K)
 Metaspace       used 16647K, committed 16960K, reserved 1114112K
  class space    used 1952K, committed 2112K, reserved 1048576K
}
Event: 2.824 GC heap after
{Heap after GC invocations=4 (full 0):
 garbage-first heap   total 126976K, used 15436K [0x0000000085a00000, 0x0000000100000000)
  region size 1024K, 4 young (4096K), 4 survivors (4096K)
 Metaspace       used 16647K, committed 16960K, reserved 1114112K
  class space    used 1952K, committed 2112K, reserved 1048576K
}
Event: 2.885 GC heap before
{Heap before GC invocations=4 (full 0):
 garbage-first heap   total 126976K, used 58444K [0x0000000085a00000, 0x0000000100000000)
  region size 1024K, 7 young (7168K), 4 survivors (4096K)
 Metaspace       used 17099K, committed 17344K, reserved 1114112K
  class space    used 1995K, committed 2112K, reserved 1048576K
}
Event: 2.889 GC heap after
{Heap after GC invocations=5 (full 0):
 garbage-first heap   total 126976K, used 23932K [0x0000000085a00000, 0x0000000100000000)
  region size 1024K, 4 young (4096K), 4 survivors (4096K)
 Metaspace       used 17099K, committed 17344K, reserved 1114112K
  class space    used 1995K, committed 2112K, reserved 1048576K
}

