# JRE version: OpenJDK Runtime Environment Temurin-17.0.17+10 (17.0.17+10) (build 17.0.17+10)
# Java VM: OpenJDK 64-Bit Server VM Temurin-17.0.17+10 (17.0.17+10, mixed mode, sharing, tiered, compressed oops, compressed class ptrs, g1 gc, windows-amd64)
GC Precious Log:
 CPUs: 12 total, 12 available
 Memory: 7830M
 Large Page Support: Disabled
 NUMA Support: Disabled
 Compressed Oops: Enabled (32-bit)
 Heap Region Size: 1M
 Heap Min Capacity: 8M
 Heap Initial Capacity: 124M
 Heap Max Capacity: 1958M
 Pre-touch: Disabled
 Parallel Workers: 10
 Concurrent Workers: 3
 Concurrent Refinement Workers: 10
 Periodic GC: Disabled
Heap:
 garbage-first heap   total 126976K, used 23907K [0x0000000085a00000, 0x0000000100000000)
  region size 1024K, 4 young (4096K), 4 survivors (4096K)
 Metaspace       used 17172K, committed 17408K, reserved 1114112K
  class space    used 1994K, committed 2112K, reserved 1048576K
GC Heap History (9 events):
Event: 0.514 GC heap before
{Heap before GC invocations=0 (full 0):
 garbage-first heap   total 126976K, used 23552K [0x0000000085a00000, 0x0000000100000000)
  region size 1024K, 23 young (23552K), 0 survivors (0K)
 Metaspace       used 5391K, committed 5568K, reserved 1114112K
  class space    used 654K, committed 768K, reserved 1048576K
}
Event: 0.520 GC heap after
{Heap after GC invocations=1 (full 0):
 garbage-first heap   total 126976K, used 3676K [0x0000000085a00000, 0x0000000100000000)
  region size 1024K, 3 young (3072K), 3 survivors (3072K)
 Metaspace       used 5391K, committed 5568K, reserved 1114112K
  class space    used 654K, committed 768K, reserved 1048576K
}
Event: 0.954 GC heap before
{Heap before GC invocations=1 (full 0):
 garbage-first heap   total 126976K, used 34396K [0x0000000085a00000, 0x0000000100000000)
  region size 1024K, 33 young (33792K), 3 survivors (3072K)
 Metaspace       used 9227K, committed 9408K, reserved 1114112K
  class space    used 1124K, committed 1216K, reserved 1048576K
}
Event: 0.959 GC heap after
{Heap after GC invocations=2 (full 0):
 garbage-first heap   total 126976K, used 5277K [0x0000000085a00000, 0x0000000100000000)
  region size 1024K, 2 young (2048K), 2 survivors (2048K)
 Metaspace       used 9227K, committed 9408K, reserved 1114112K
  class space    used 1124K, committed 1216K, reserved 1048576K
}
Event: 2.209 GC heap before
{Heap before GC invocations=2 (full 0):
 garbage-first heap   total 126976K, used 79005K [0x0000000085a00000, 0x0000000100000000)
  region size 1024K, 74 young (75776K), 2 survivors (2048K)
 Metaspace       used 15452K, committed 15616K, reserved 1114112K
  class space    used 1854K, committed 1920K, reserved 1048576K
}
Event: 2.223 GC heap after
{Heap after GC invocations=3 (full 0):
 garbage-first heap   total 126976K, used 12751K [0x0000000085a00000, 0x0000000100000000)
  region size 1024K, 9 young (9216K), 9 survivors (9216K)
 Metaspace       used 15452K, committed 15616K, reserved 1114112K
  class space    used 1854K, committed 1920K, reserved 1048576K
}
Event: 3.008 GC heap before
{Heap before GC invocations=3 (full 0):
 garbage-first heap   total 126976K, used 79311K [0x0000000085a00000, 0x0000000100000000)
  region size 1024K, 74 young (75776K), 9 survivors (9216K)
 Metaspace       used 16437K, committed 16640K, reserved 1114112K
  class space    used 1908K, committed 1984K, reserved 1048576K
}
Event: 3.026 GC heap after
{Heap after GC invocations=4 (full 0):
 garbage-first heap   total 126976K, used 15420K [0x0000000085a00000, 0x0000000100000000)
  region size 1024K, 4 young (4096K), 4 survivors (4096K)
 Metaspace       used 16437K, committed 16640K, reserved 1114112K
  class space    used 1908K, committed 1984K, reserved 1048576K
}
Event: 3.164 GC heap before
{Heap before GC invocations=4 (full 0):
 garbage-first heap   total 126976K, used 59452K [0x0000000085a00000, 0x0000000100000000)
  region size 1024K, 8 young (8192K), 4 survivors (4096K)
 Metaspace       used 17172K, committed 17408K, reserved 1114112K
  class space    used 1994K, committed 2112K, reserved 1048576K
}

